[debug] [2021-08-08T21:30:45.936Z] ----------------------------------------------------------------------
[debug] [2021-08-08T21:30:45.939Z] Command:       C:\Program Files\nodejs\node.exe C:\Users\Samarth\AppData\Roaming\npm\node_modules\firebase-tools\lib\bin\firebase.js emulators:start
[debug] [2021-08-08T21:30:45.939Z] CLI Version:   9.16.0
[debug] [2021-08-08T21:30:45.939Z] Platform:      win32
[debug] [2021-08-08T21:30:45.939Z] Node Version:  v12.18.1
[debug] [2021-08-08T21:30:45.942Z] Time:          Mon Aug 09 2021 03:00:45 GMT+0530 (India Standard Time)
[debug] [2021-08-08T21:30:45.943Z] ----------------------------------------------------------------------
[debug] 
[debug] [2021-08-08T21:30:46.018Z] > command requires scopes: ["email","openid","https://www.googleapis.com/auth/cloudplatformprojects.readonly","https://www.googleapis.com/auth/firebase","https://www.googleapis.com/auth/cloud-platform"]
[debug] [2021-08-08T21:30:46.019Z] > authorizing via signed-in user (samarthsrivastava09@gmail.com)
[info] i  emulators: Starting emulators: functions, hosting {"metadata":{"emulator":{"name":"hub"},"message":"Starting emulators: functions, hosting"}}
[debug] [2021-08-08T21:30:48.056Z] [hub] writing locator at C:\Users\Samarth\AppData\Local\Temp\hub-clone-1489d.json
[warn] !  functions: The following emulators are not running, calls to these services from the Functions emulator will affect production: auth, firestore, database, pubsub, storage {"metadata":{"emulator":{"name":"functions"},"message":"The following emulators are not running, calls to these services from the Functions emulator will affect production: \u001b[1mauth, firestore, database, pubsub, storage\u001b[22m"}}
[warn] !  Your requested "node" version "14" doesn't match your global version "12" {"metadata":{"emulator":{"name":"functions"},"message":"Your requested \"node\" version \"14\" doesn't match your global version \"12\""}}
[debug] [2021-08-08T21:30:50.244Z] defaultcredentials: writing to file C:\Users\Samarth\AppData\Roaming\firebase\samarthsrivastava09_gmail_com_application_default_credentials.json
[debug] [2021-08-08T21:30:50.246Z] Setting GAC to C:\Users\Samarth\AppData\Roaming\firebase\samarthsrivastava09_gmail_com_application_default_credentials.json {"metadata":{"emulator":{"name":"functions"},"message":"Setting GAC to C:\\Users\\Samarth\\AppData\\Roaming\\firebase\\samarthsrivastava09_gmail_com_application_default_credentials.json"}}
[debug] [2021-08-08T21:30:50.248Z] > refreshing access token with scopes: []
[debug] [2021-08-08T21:30:50.249Z] >>> HTTP REQUEST POST https://www.googleapis.com/oauth2/v3/token  
 <request body omitted>
[debug] [2021-08-08T21:30:50.556Z] <<< HTTP RESPONSE 200 {"cache-control":"no-cache, no-store, max-age=0, must-revalidate","date":"Sun, 08 Aug 2021 21:30:50 GMT","pragma":"no-cache","expires":"Mon, 01 Jan 1990 00:00:00 GMT","content-type":"application/json; charset=utf-8","vary":"X-Origin, Referer, Origin,Accept-Encoding","server":"scaffolding on HTTPServer2","x-xss-protection":"0","x-frame-options":"SAMEORIGIN","x-content-type-options":"nosniff","alt-svc":"h3=\":443\"; ma=2592000,h3-29=\":443\"; ma=2592000,h3-T051=\":443\"; ma=2592000,h3-Q050=\":443\"; ma=2592000,h3-Q046=\":443\"; ma=2592000,h3-Q043=\":443\"; ma=2592000,quic=\":443\"; ma=2592000; v=\"46,43\"","accept-ranges":"none","transfer-encoding":"chunked"}
[debug] [2021-08-08T21:30:50.569Z] >>> [apiv2][query] GET https://firebase.googleapis.com/v1beta1/projects/clone-1489d/adminSdkConfig [none]
[debug] [2021-08-08T21:30:51.900Z] <<< [apiv2][status] GET https://firebase.googleapis.com/v1beta1/projects/clone-1489d/adminSdkConfig 200
[debug] [2021-08-08T21:30:51.900Z] <<< [apiv2][body] GET https://firebase.googleapis.com/v1beta1/projects/clone-1489d/adminSdkConfig {"projectId":"clone-1489d","storageBucket":"clone-1489d.appspot.com","locationId":"asia-southeast1"}
[debug] [2021-08-08T21:30:53.937Z] >>> [apiv2][query] GET https://firebasehosting.googleapis.com/v1beta1/projects/clone-1489d/sites 
[debug] [2021-08-08T21:30:56.021Z] <<< [apiv2][status] GET https://firebasehosting.googleapis.com/v1beta1/projects/clone-1489d/sites 200
[debug] [2021-08-08T21:30:56.022Z] <<< [apiv2][body] GET https://firebasehosting.googleapis.com/v1beta1/projects/clone-1489d/sites {"sites":[{"name":"projects/81365351174/sites/clone-1489d","defaultUrl":"https://clone-1489d.web.app","appId":"1:81365351174:web:c6646d5edce9cd5d9ffc87","type":"DEFAULT_SITE"}]}
[debug] [2021-08-08T21:30:56.022Z] >>> [apiv2][query] GET https://firebase.googleapis.com/v1beta1/projects/clone-1489d/webApps/1:81365351174:web:c6646d5edce9cd5d9ffc87/config [none]
[debug] [2021-08-08T21:30:57.614Z] <<< [apiv2][status] GET https://firebase.googleapis.com/v1beta1/projects/clone-1489d/webApps/1:81365351174:web:c6646d5edce9cd5d9ffc87/config 200
[debug] [2021-08-08T21:30:57.614Z] <<< [apiv2][body] GET https://firebase.googleapis.com/v1beta1/projects/clone-1489d/webApps/1:81365351174:web:c6646d5edce9cd5d9ffc87/config {"projectId":"clone-1489d","appId":"1:81365351174:web:c6646d5edce9cd5d9ffc87","storageBucket":"clone-1489d.appspot.com","locationId":"asia-southeast1","apiKey":"AIzaSyBNALrcKZYYV_eDJ09pr9MRBbCDC_IGAlo","authDomain":"clone-1489d.firebaseapp.com","messagingSenderId":"81365351174","measurementId":"G-NFLZMBDD3T"}
[info] i  hosting: Serving hosting files from: build {"metadata":{"emulator":{"name":"hosting"},"message":"Serving hosting files from: \u001b[1mbuild\u001b[22m"}}
[info] +  hosting: Local server: http://localhost:5000 {"metadata":{"emulator":{"name":"hosting"},"message":"Local server: \u001b[4m\u001b[1mhttp://localhost:5000\u001b[22m\u001b[24m"}}
[debug] [2021-08-08T21:31:01.680Z] Ignoring unsupported arg: auto_download {"metadata":{"emulator":{"name":"ui"},"message":"Ignoring unsupported arg: auto_download"}}
[debug] [2021-08-08T21:31:01.681Z] Ignoring unsupported arg: port {"metadata":{"emulator":{"name":"ui"},"message":"Ignoring unsupported arg: port"}}
[debug] [2021-08-08T21:31:01.681Z] Starting Emulator UI with command {"binary":"node","args":["C:\\Users\\Samarth\\.cache\\firebase\\emulators\\ui-v1.6.0\\server.bundle.js"],"optionalArgs":[],"joinArgs":false} {"metadata":{"emulator":{"name":"ui"},"message":"Starting Emulator UI with command {\"binary\":\"node\",\"args\":[\"C:\\\\Users\\\\Samarth\\\\.cache\\\\firebase\\\\emulators\\\\ui-v1.6.0\\\\server.bundle.js\"],\"optionalArgs\":[],\"joinArgs\":false}"}}
[info] i  ui: Emulator UI logging to ui-debug.log {"metadata":{"emulator":{"name":"ui"},"message":"Emulator UI logging to \u001b[1mui-debug.log\u001b[22m"}}
[debug] [2021-08-08T21:31:01.804Z] Web / API server started at localhost:4000
 {"metadata":{"emulator":{"name":"ui"},"message":"Web / API server started at localhost:4000\n"}}
[info] i  functions: Watching "C:\Users\Samarth\Desktop\amazon-clone\functions" for Cloud Functions... {"metadata":{"emulator":{"name":"functions"},"message":"Watching \"C:\\Users\\Samarth\\Desktop\\amazon-clone\\functions\" for Cloud Functions..."}}
[debug] [2021-08-08T21:31:02.209Z] [worker-pool] addWorker(~diagnostic~) {"metadata":{"emulator":{"name":"functions"},"message":"[worker-pool] addWorker(~diagnostic~)"}}
[debug] [2021-08-08T21:31:02.209Z] [worker-pool] Adding worker with key ~diagnostic~, total=1 {"metadata":{"emulator":{"name":"functions"},"message":"[worker-pool] Adding worker with key ~diagnostic~, total=1"}}
[debug] [2021-08-08T21:31:02.210Z] [worker-pool] submitWork(triggerId=) {"metadata":{"emulator":{"name":"functions"},"message":"[worker-pool] submitWork(triggerId=)"}}
[debug] [2021-08-08T21:31:02.210Z] [worker-~diagnostic~-6aabd1ae-2a5b-4908-834d-16c1c7106148]: Assigning socketPath: \\?\pipe\C:\Users\Samarth\Desktop\amazon-clone\functions\5892 {"metadata":{"emulator":{"name":"functions"},"message":"[worker-~diagnostic~-6aabd1ae-2a5b-4908-834d-16c1c7106148]: Assigning socketPath: \\\\?\\pipe\\C:\\Users\\Samarth\\Desktop\\amazon-clone\\functions\\5892"}}
[debug] [2021-08-08T21:31:02.210Z] [worker-~diagnostic~-6aabd1ae-2a5b-4908-834d-16c1c7106148]: BUSY {"metadata":{"emulator":{"name":"functions"},"message":"[worker-~diagnostic~-6aabd1ae-2a5b-4908-834d-16c1c7106148]: BUSY"}}
[debug] [2021-08-08T21:31:02.416Z] [runtime-status] [5892] Functions runtime initialized. {"cwd":"C:\\Users\\Samarth\\Desktop\\amazon-clone\\functions","node_version":"12.18.1"} {"metadata":{"emulator":{"name":"functions"},"message":"[runtime-status] [5892] Functions runtime initialized. {\"cwd\":\"C:\\\\Users\\\\Samarth\\\\Desktop\\\\amazon-clone\\\\functions\",\"node_version\":\"12.18.1\"}"}}
[debug] [2021-08-08T21:31:02.416Z] [runtime-status] [5892] Disabled runtime features: undefined {"metadata":{"emulator":{"name":"functions"},"message":"[runtime-status] [5892] Disabled runtime features: undefined"}}
[debug] [2021-08-08T21:31:02.420Z] [runtime-status] [5892] Resolved module firebase-admin {"declared":true,"installed":true,"version":"9.11.0","resolution":"C:\\Users\\Samarth\\Desktop\\amazon-clone\\functions\\node_modules\\firebase-admin\\lib\\index.js"} {"metadata":{"emulator":{"name":"functions"},"message":"[runtime-status] [5892] Resolved module firebase-admin {\"declared\":true,\"installed\":true,\"version\":\"9.11.0\",\"resolution\":\"C:\\\\Users\\\\Samarth\\\\Desktop\\\\amazon-clone\\\\functions\\\\node_modules\\\\firebase-admin\\\\lib\\\\index.js\"}"}}
[debug] [2021-08-08T21:31:02.422Z] [runtime-status] [5892] Resolved module firebase-functions {"declared":true,"installed":true,"version":"3.14.1","resolution":"C:\\Users\\Samarth\\Desktop\\amazon-clone\\functions\\node_modules\\firebase-functions\\lib\\index.js"} {"metadata":{"emulator":{"name":"functions"},"message":"[runtime-status] [5892] Resolved module firebase-functions {\"declared\":true,\"installed\":true,\"version\":\"3.14.1\",\"resolution\":\"C:\\\\Users\\\\Samarth\\\\Desktop\\\\amazon-clone\\\\functions\\\\node_modules\\\\firebase-functions\\\\lib\\\\index.js\"}"}}
[debug] [2021-08-08T21:31:02.423Z] [runtime-status] [5892] Resolved module firebase-functions {"declared":true,"installed":true,"version":"3.14.1","resolution":"C:\\Users\\Samarth\\Desktop\\amazon-clone\\functions\\node_modules\\firebase-functions\\lib\\index.js"} {"metadata":{"emulator":{"name":"functions"},"message":"[runtime-status] [5892] Resolved module firebase-functions {\"declared\":true,\"installed\":true,\"version\":\"3.14.1\",\"resolution\":\"C:\\\\Users\\\\Samarth\\\\Desktop\\\\amazon-clone\\\\functions\\\\node_modules\\\\firebase-functions\\\\lib\\\\index.js\"}"}}
[debug] [2021-08-08T21:31:02.424Z] [runtime-status] [5892] Outgoing network have been stubbed. [{"name":"http","status":"mocked"},{"name":"http","status":"mocked"},{"name":"https","status":"mocked"},{"name":"https","status":"mocked"},{"name":"net","status":"mocked"}] {"metadata":{"emulator":{"name":"functions"},"message":"[runtime-status] [5892] Outgoing network have been stubbed. [{\"name\":\"http\",\"status\":\"mocked\"},{\"name\":\"http\",\"status\":\"mocked\"},{\"name\":\"https\",\"status\":\"mocked\"},{\"name\":\"https\",\"status\":\"mocked\"},{\"name\":\"net\",\"status\":\"mocked\"}]"}}
[debug] [2021-08-08T21:31:02.425Z] [runtime-status] [5892] Resolved module firebase-functions {"declared":true,"installed":true,"version":"3.14.1","resolution":"C:\\Users\\Samarth\\Desktop\\amazon-clone\\functions\\node_modules\\firebase-functions\\lib\\index.js"} {"metadata":{"emulator":{"name":"functions"},"message":"[runtime-status] [5892] Resolved module firebase-functions {\"declared\":true,\"installed\":true,\"version\":\"3.14.1\",\"resolution\":\"C:\\\\Users\\\\Samarth\\\\Desktop\\\\amazon-clone\\\\functions\\\\node_modules\\\\firebase-functions\\\\lib\\\\index.js\"}"}}
[debug] [2021-08-08T21:31:02.502Z] [runtime-status] [5892] Checked functions.config() {"config":{}} {"metadata":{"emulator":{"name":"functions"},"message":"[runtime-status] [5892] Checked functions.config() {\"config\":{}}"}}
[debug] [2021-08-08T21:31:02.503Z] [runtime-status] [5892] firebase-functions has been stubbed. {"functionsResolution":{"declared":true,"installed":true,"version":"3.14.1","resolution":"C:\\Users\\Samarth\\Desktop\\amazon-clone\\functions\\node_modules\\firebase-functions\\lib\\index.js"}} {"metadata":{"emulator":{"name":"functions"},"message":"[runtime-status] [5892] firebase-functions has been stubbed. {\"functionsResolution\":{\"declared\":true,\"installed\":true,\"version\":\"3.14.1\",\"resolution\":\"C:\\\\Users\\\\Samarth\\\\Desktop\\\\amazon-clone\\\\functions\\\\node_modules\\\\firebase-functions\\\\lib\\\\index.js\"}}"}}
[debug] [2021-08-08T21:31:02.503Z] [runtime-status] [5892] Resolved module firebase-functions {"declared":true,"installed":true,"version":"3.14.1","resolution":"C:\\Users\\Samarth\\Desktop\\amazon-clone\\functions\\node_modules\\firebase-functions\\lib\\index.js"} {"metadata":{"emulator":{"name":"functions"},"message":"[runtime-status] [5892] Resolved module firebase-functions {\"declared\":true,\"installed\":true,\"version\":\"3.14.1\",\"resolution\":\"C:\\\\Users\\\\Samarth\\\\Desktop\\\\amazon-clone\\\\functions\\\\node_modules\\\\firebase-functions\\\\lib\\\\index.js\"}"}}
[debug] [2021-08-08T21:31:02.503Z] [runtime-status] [5892] Resolved module firebase-admin {"declared":true,"installed":true,"version":"9.11.0","resolution":"C:\\Users\\Samarth\\Desktop\\amazon-clone\\functions\\node_modules\\firebase-admin\\lib\\index.js"} {"metadata":{"emulator":{"name":"functions"},"message":"[runtime-status] [5892] Resolved module firebase-admin {\"declared\":true,\"installed\":true,\"version\":\"9.11.0\",\"resolution\":\"C:\\\\Users\\\\Samarth\\\\Desktop\\\\amazon-clone\\\\functions\\\\node_modules\\\\firebase-admin\\\\lib\\\\index.js\"}"}}
[debug] [2021-08-08T21:31:02.503Z] [runtime-status] [5892] Resolved module firebase-functions {"declared":true,"installed":true,"version":"3.14.1","resolution":"C:\\Users\\Samarth\\Desktop\\amazon-clone\\functions\\node_modules\\firebase-functions\\lib\\index.js"} {"metadata":{"emulator":{"name":"functions"},"message":"[runtime-status] [5892] Resolved module firebase-functions {\"declared\":true,\"installed\":true,\"version\":\"3.14.1\",\"resolution\":\"C:\\\\Users\\\\Samarth\\\\Desktop\\\\amazon-clone\\\\functions\\\\node_modules\\\\firebase-functions\\\\lib\\\\index.js\"}"}}
[debug] [2021-08-08T21:31:02.503Z] [runtime-status] [5892] firebase-admin has been stubbed. {"adminResolution":{"declared":true,"installed":true,"version":"9.11.0","resolution":"C:\\Users\\Samarth\\Desktop\\amazon-clone\\functions\\node_modules\\firebase-admin\\lib\\index.js"}} {"metadata":{"emulator":{"name":"functions"},"message":"[runtime-status] [5892] firebase-admin has been stubbed. {\"adminResolution\":{\"declared\":true,\"installed\":true,\"version\":\"9.11.0\",\"resolution\":\"C:\\\\Users\\\\Samarth\\\\Desktop\\\\amazon-clone\\\\functions\\\\node_modules\\\\firebase-admin\\\\lib\\\\index.js\"}}"}}
[info] +  functions[us-central1-api]: http function initialized (http://localhost:5001/clone-1489d/us-central1/api). {"metadata":{"emulator":{"name":"functions"},"message":"\u001b[1mhttp\u001b[22m function initialized (http://localhost:5001/clone-1489d/us-central1/api)."}}
[info] 
┌─────────────────────────────────────────────────────────────┐
│ ✔  All emulators ready! It is now safe to connect your app. │
│ i  View Emulator UI at http://localhost:4000                │
└─────────────────────────────────────────────────────────────┘

┌───────────┬────────────────┬─────────────────────────────────┐
│ Emulator  │ Host:Port      │ View in Emulator UI             │
├───────────┼────────────────┼─────────────────────────────────┤
│ Functions │ localhost:5001 │ http://localhost:4000/functions │
├───────────┼────────────────┼─────────────────────────────────┤
│ Hosting   │ localhost:5000 │ n/a                             │
└───────────┴────────────────┴─────────────────────────────────┘
  Emulator Hub running at localhost:4400
  Other reserved ports: 4500

Issues? Report them at https://github.com/firebase/firebase-tools/issues and attach the *-debug.log files.
 
[debug] [2021-08-08T21:31:02.759Z] [worker-~diagnostic~-6aabd1ae-2a5b-4908-834d-16c1c7106148]: IDLE {"metadata":{"emulator":{"name":"functions"},"message":"[worker-~diagnostic~-6aabd1ae-2a5b-4908-834d-16c1c7106148]: IDLE"}}
[debug] [2021-08-08T21:31:27.322Z] [work-queue] {"queueLength":1,"workRunningCount":0}
[debug] [2021-08-08T21:31:27.323Z] [work-queue] {"queueLength":0,"workRunningCount":1}
[debug] [2021-08-08T21:31:27.323Z] Accepted request POST /clone-1489d/us-central1/api/payments/create?total=6924700 --> us-central1-api
[debug] [2021-08-08T21:31:27.334Z] [worker-pool] addWorker(us-central1-api) {"metadata":{"emulator":{"name":"functions"},"message":"[worker-pool] addWorker(us-central1-api)"}}
[debug] [2021-08-08T21:31:27.334Z] [worker-pool] Adding worker with key us-central1-api, total=1 {"metadata":{"emulator":{"name":"functions"},"message":"[worker-pool] Adding worker with key us-central1-api, total=1"}}
[debug] [2021-08-08T21:31:27.334Z] [worker-pool] submitWork(triggerId=us-central1-api) {"metadata":{"emulator":{"name":"functions"},"message":"[worker-pool] submitWork(triggerId=us-central1-api)"}}
[debug] [2021-08-08T21:31:27.335Z] [worker-us-central1-api-c4b2ec26-fc1d-4a62-b2b5-b62355b17578]: Assigning socketPath: \\?\pipe\C:\Users\Samarth\Desktop\amazon-clone\functions\19816 {"metadata":{"emulator":{"name":"functions"},"message":"[worker-us-central1-api-c4b2ec26-fc1d-4a62-b2b5-b62355b17578]: Assigning socketPath: \\\\?\\pipe\\C:\\Users\\Samarth\\Desktop\\amazon-clone\\functions\\19816"}}
[debug] [2021-08-08T21:31:27.335Z] [worker-us-central1-api-c4b2ec26-fc1d-4a62-b2b5-b62355b17578]: BUSY {"metadata":{"emulator":{"name":"functions"},"message":"[worker-us-central1-api-c4b2ec26-fc1d-4a62-b2b5-b62355b17578]: BUSY"}}
[debug] [2021-08-08T21:31:27.533Z] [runtime-status] [19816] Functions runtime initialized. {"cwd":"C:\\Users\\Samarth\\Desktop\\amazon-clone\\functions","node_version":"12.18.1"} {"metadata":{"emulator":{"name":"functions"},"function":{"name":"us-central1-api"},"message":"[runtime-status] [19816] Functions runtime initialized. {\"cwd\":\"C:\\\\Users\\\\Samarth\\\\Desktop\\\\amazon-clone\\\\functions\",\"node_version\":\"12.18.1\"}"}}
[debug] [2021-08-08T21:31:27.534Z] [runtime-status] [19816] Disabled runtime features: undefined {"metadata":{"emulator":{"name":"functions"},"function":{"name":"us-central1-api"},"message":"[runtime-status] [19816] Disabled runtime features: undefined"}}
[debug] [2021-08-08T21:31:27.537Z] [runtime-status] [19816] Resolved module firebase-admin {"declared":true,"installed":true,"version":"9.11.0","resolution":"C:\\Users\\Samarth\\Desktop\\amazon-clone\\functions\\node_modules\\firebase-admin\\lib\\index.js"} {"metadata":{"emulator":{"name":"functions"},"function":{"name":"us-central1-api"},"message":"[runtime-status] [19816] Resolved module firebase-admin {\"declared\":true,\"installed\":true,\"version\":\"9.11.0\",\"resolution\":\"C:\\\\Users\\\\Samarth\\\\Desktop\\\\amazon-clone\\\\functions\\\\node_modules\\\\firebase-admin\\\\lib\\\\index.js\"}"}}
[debug] [2021-08-08T21:31:27.538Z] [runtime-status] [19816] Resolved module firebase-functions {"declared":true,"installed":true,"version":"3.14.1","resolution":"C:\\Users\\Samarth\\Desktop\\amazon-clone\\functions\\node_modules\\firebase-functions\\lib\\index.js"} {"metadata":{"emulator":{"name":"functions"},"function":{"name":"us-central1-api"},"message":"[runtime-status] [19816] Resolved module firebase-functions {\"declared\":true,\"installed\":true,\"version\":\"3.14.1\",\"resolution\":\"C:\\\\Users\\\\Samarth\\\\Desktop\\\\amazon-clone\\\\functions\\\\node_modules\\\\firebase-functions\\\\lib\\\\index.js\"}"}}
[debug] [2021-08-08T21:31:27.539Z] [runtime-status] [19816] Resolved module firebase-functions {"declared":true,"installed":true,"version":"3.14.1","resolution":"C:\\Users\\Samarth\\Desktop\\amazon-clone\\functions\\node_modules\\firebase-functions\\lib\\index.js"} {"metadata":{"emulator":{"name":"functions"},"function":{"name":"us-central1-api"},"message":"[runtime-status] [19816] Resolved module firebase-functions {\"declared\":true,\"installed\":true,\"version\":\"3.14.1\",\"resolution\":\"C:\\\\Users\\\\Samarth\\\\Desktop\\\\amazon-clone\\\\functions\\\\node_modules\\\\firebase-functions\\\\lib\\\\index.js\"}"}}
[debug] [2021-08-08T21:31:27.540Z] [runtime-status] [19816] Outgoing network have been stubbed. [{"name":"http","status":"mocked"},{"name":"http","status":"mocked"},{"name":"https","status":"mocked"},{"name":"https","status":"mocked"},{"name":"net","status":"mocked"}] {"metadata":{"emulator":{"name":"functions"},"function":{"name":"us-central1-api"},"message":"[runtime-status] [19816] Outgoing network have been stubbed. [{\"name\":\"http\",\"status\":\"mocked\"},{\"name\":\"http\",\"status\":\"mocked\"},{\"name\":\"https\",\"status\":\"mocked\"},{\"name\":\"https\",\"status\":\"mocked\"},{\"name\":\"net\",\"status\":\"mocked\"}]"}}
[debug] [2021-08-08T21:31:27.540Z] [runtime-status] [19816] Resolved module firebase-functions {"declared":true,"installed":true,"version":"3.14.1","resolution":"C:\\Users\\Samarth\\Desktop\\amazon-clone\\functions\\node_modules\\firebase-functions\\lib\\index.js"} {"metadata":{"emulator":{"name":"functions"},"function":{"name":"us-central1-api"},"message":"[runtime-status] [19816] Resolved module firebase-functions {\"declared\":true,\"installed\":true,\"version\":\"3.14.1\",\"resolution\":\"C:\\\\Users\\\\Samarth\\\\Desktop\\\\amazon-clone\\\\functions\\\\node_modules\\\\firebase-functions\\\\lib\\\\index.js\"}"}}
[debug] [2021-08-08T21:31:27.591Z] [runtime-status] [19816] Checked functions.config() {"config":{}} {"metadata":{"emulator":{"name":"functions"},"function":{"name":"us-central1-api"},"message":"[runtime-status] [19816] Checked functions.config() {\"config\":{}}"}}
[debug] [2021-08-08T21:31:27.591Z] [runtime-status] [19816] firebase-functions has been stubbed. {"functionsResolution":{"declared":true,"installed":true,"version":"3.14.1","resolution":"C:\\Users\\Samarth\\Desktop\\amazon-clone\\functions\\node_modules\\firebase-functions\\lib\\index.js"}} {"metadata":{"emulator":{"name":"functions"},"function":{"name":"us-central1-api"},"message":"[runtime-status] [19816] firebase-functions has been stubbed. {\"functionsResolution\":{\"declared\":true,\"installed\":true,\"version\":\"3.14.1\",\"resolution\":\"C:\\\\Users\\\\Samarth\\\\Desktop\\\\amazon-clone\\\\functions\\\\node_modules\\\\firebase-functions\\\\lib\\\\index.js\"}}"}}
[debug] [2021-08-08T21:31:27.592Z] [runtime-status] [19816] Resolved module firebase-functions {"declared":true,"installed":true,"version":"3.14.1","resolution":"C:\\Users\\Samarth\\Desktop\\amazon-clone\\functions\\node_modules\\firebase-functions\\lib\\index.js"} {"metadata":{"emulator":{"name":"functions"},"function":{"name":"us-central1-api"},"message":"[runtime-status] [19816] Resolved module firebase-functions {\"declared\":true,\"installed\":true,\"version\":\"3.14.1\",\"resolution\":\"C:\\\\Users\\\\Samarth\\\\Desktop\\\\amazon-clone\\\\functions\\\\node_modules\\\\firebase-functions\\\\lib\\\\index.js\"}"}}
[debug] [2021-08-08T21:31:27.593Z] [runtime-status] [19816] Resolved module firebase-admin {"declared":true,"installed":true,"version":"9.11.0","resolution":"C:\\Users\\Samarth\\Desktop\\amazon-clone\\functions\\node_modules\\firebase-admin\\lib\\index.js"} {"metadata":{"emulator":{"name":"functions"},"function":{"name":"us-central1-api"},"message":"[runtime-status] [19816] Resolved module firebase-admin {\"declared\":true,\"installed\":true,\"version\":\"9.11.0\",\"resolution\":\"C:\\\\Users\\\\Samarth\\\\Desktop\\\\amazon-clone\\\\functions\\\\node_modules\\\\firebase-admin\\\\lib\\\\index.js\"}"}}
[debug] [2021-08-08T21:31:27.593Z] [runtime-status] [19816] Resolved module firebase-functions {"declared":true,"installed":true,"version":"3.14.1","resolution":"C:\\Users\\Samarth\\Desktop\\amazon-clone\\functions\\node_modules\\firebase-functions\\lib\\index.js"} {"metadata":{"emulator":{"name":"functions"},"function":{"name":"us-central1-api"},"message":"[runtime-status] [19816] Resolved module firebase-functions {\"declared\":true,\"installed\":true,\"version\":\"3.14.1\",\"resolution\":\"C:\\\\Users\\\\Samarth\\\\Desktop\\\\amazon-clone\\\\functions\\\\node_modules\\\\firebase-functions\\\\lib\\\\index.js\"}"}}
[debug] [2021-08-08T21:31:27.593Z] [runtime-status] [19816] firebase-admin has been stubbed. {"adminResolution":{"declared":true,"installed":true,"version":"9.11.0","resolution":"C:\\Users\\Samarth\\Desktop\\amazon-clone\\functions\\node_modules\\firebase-admin\\lib\\index.js"}} {"metadata":{"emulator":{"name":"functions"},"function":{"name":"us-central1-api"},"message":"[runtime-status] [19816] firebase-admin has been stubbed. {\"adminResolution\":{\"declared\":true,\"installed\":true,\"version\":\"9.11.0\",\"resolution\":\"C:\\\\Users\\\\Samarth\\\\Desktop\\\\amazon-clone\\\\functions\\\\node_modules\\\\firebase-admin\\\\lib\\\\index.js\"}}"}}
[debug] [2021-08-08T21:31:27.763Z] [runtime-status] [19816] Trigger "us-central1-api" has been found, beginning invocation! {"metadata":{"emulator":{"name":"functions"},"function":{"name":"us-central1-api"},"message":"[runtime-status] [19816] Trigger \"us-central1-api\" has been found, beginning invocation!"}}
[info] i  functions: Beginning execution of "us-central1-api" {"metadata":{"emulator":{"name":"functions"},"function":{"name":"us-central1-api"},"message":"Beginning execution of \"us-central1-api\""}}
[debug] [2021-08-08T21:31:27.764Z] [runtime-status] [19816] triggerDefinition {"httpsTrigger":{},"name":"api","entryPoint":"api","regions":["us-central1"],"region":"us-central1","id":"us-central1-api"} {"metadata":{"emulator":{"name":"functions"},"function":{"name":"us-central1-api"},"message":"[runtime-status] [19816] triggerDefinition {\"httpsTrigger\":{},\"name\":\"api\",\"entryPoint\":\"api\",\"regions\":[\"us-central1\"],\"region\":\"us-central1\",\"id\":\"us-central1-api\"}"}}
[debug] [2021-08-08T21:31:27.764Z] [runtime-status] [19816] Running us-central1-api in mode HTTPS {"metadata":{"emulator":{"name":"functions"},"function":{"name":"us-central1-api"},"message":"[runtime-status] [19816] Running us-central1-api in mode HTTPS"}}
[debug] [2021-08-08T21:31:27.766Z] [runtime-status] [19816] Attempting to listen to socketPath: \\?\pipe\C:\Users\Samarth\Desktop\amazon-clone\functions\19816 {"metadata":{"emulator":{"name":"functions"},"function":{"name":"us-central1-api"},"message":"[runtime-status] [19816] Attempting to listen to socketPath: \\\\?\\pipe\\C:\\Users\\Samarth\\Desktop\\amazon-clone\\functions\\19816"}}
[debug] [2021-08-08T21:31:27.778Z] [functions] Runtime ready! Sending request! {"metadata":{"emulator":{"name":"functions"},"message":"[functions] Runtime ready! Sending request!"}}
[debug] [2021-08-08T21:31:27.780Z] [functions] Got req.url=/clone-1489d/us-central1/api/payments/create?total=6924700, mapping to path=/payments/create?total=6924700 {"metadata":{"emulator":{"name":"functions"},"message":"[functions] Got req.url=/clone-1489d/us-central1/api/payments/create?total=6924700, mapping to path=/payments/create?total=6924700"}}
[debug] [2021-08-08T21:31:27.795Z] [runtime-status] [19816] Ephemeral server handling POST request {"metadata":{"emulator":{"name":"functions"},"function":{"name":"us-central1-api"},"message":"[runtime-status] [19816] Ephemeral server handling POST request"}}
[info] >  Payment Request Recieved BOOM DA BOOOPPPIIITTYY BOOOOPPPP!!! for this amount >>>  6924700 {"user":"Payment Request Recieved BOOM DA BOOOPPPIIITTYY BOOOOPPPP!!! for this amount >>>  6924700","metadata":{"emulator":{"name":"functions"},"function":{"name":"us-central1-api"},"message":"\u001b[90m> \u001b[39m Payment Request Recieved BOOM DA BOOOPPPIIITTYY BOOOOPPPP!!! for this amount >>>  6924700"}}
[debug] [2021-08-08T21:31:27.808Z] [runtime-status] [19816] Ephemeral server survived. {"metadata":{"emulator":{"name":"functions"},"function":{"name":"us-central1-api"},"message":"[runtime-status] [19816] Ephemeral server survived."}}
[info] i  functions: Finished "us-central1-api" in ~1s {"metadata":{"emulator":{"name":"functions"},"function":{"name":"us-central1-api"},"message":"Finished \"us-central1-api\" in ~1s"}}
[debug] [2021-08-08T21:31:29.033Z] [worker-us-central1-api-c4b2ec26-fc1d-4a62-b2b5-b62355b17578]: IDLE {"metadata":{"emulator":{"name":"functions"},"message":"[worker-us-central1-api-c4b2ec26-fc1d-4a62-b2b5-b62355b17578]: IDLE"}}
[debug] [2021-08-08T21:31:29.033Z] [work-queue] {"queueLength":0,"workRunningCount":0}
[debug] [2021-08-08T21:36:27.005Z] [work-queue] {"queueLength":1,"workRunningCount":0}
[debug] [2021-08-08T21:36:27.006Z] [work-queue] {"queueLength":0,"workRunningCount":1}
[debug] [2021-08-08T21:36:27.006Z] Accepted request POST /clone-1489d/us-central1/api/payments/create?total=0 --> us-central1-api
[debug] [2021-08-08T21:36:27.006Z] [worker-pool] submitWork(triggerId=us-central1-api) {"metadata":{"emulator":{"name":"functions"},"message":"[worker-pool] submitWork(triggerId=us-central1-api)"}}
[debug] [2021-08-08T21:36:27.006Z] [worker-us-central1-api-c4b2ec26-fc1d-4a62-b2b5-b62355b17578]: Assigning socketPath: \\?\pipe\C:\Users\Samarth\Desktop\amazon-clone\functions\19816 {"metadata":{"emulator":{"name":"functions"},"message":"[worker-us-central1-api-c4b2ec26-fc1d-4a62-b2b5-b62355b17578]: Assigning socketPath: \\\\?\\pipe\\C:\\Users\\Samarth\\Desktop\\amazon-clone\\functions\\19816"}}
[debug] [2021-08-08T21:36:27.006Z] [worker-us-central1-api-c4b2ec26-fc1d-4a62-b2b5-b62355b17578]: BUSY {"metadata":{"emulator":{"name":"functions"},"message":"[worker-us-central1-api-c4b2ec26-fc1d-4a62-b2b5-b62355b17578]: BUSY"}}
[debug] [2021-08-08T21:36:27.007Z] [runtime-status] [19816] Trigger "us-central1-api" has been found, beginning invocation! {"metadata":{"emulator":{"name":"functions"},"function":{"name":"us-central1-api"},"message":"[runtime-status] [19816] Trigger \"us-central1-api\" has been found, beginning invocation!"}}
[info] i  functions: Beginning execution of "us-central1-api" {"metadata":{"emulator":{"name":"functions"},"function":{"name":"us-central1-api"},"message":"Beginning execution of \"us-central1-api\""}}
[debug] [2021-08-08T21:36:27.009Z] [runtime-status] [19816] triggerDefinition {"httpsTrigger":{},"name":"api","entryPoint":"api","regions":["us-central1"],"region":"us-central1","id":"us-central1-api"} {"metadata":{"emulator":{"name":"functions"},"function":{"name":"us-central1-api"},"message":"[runtime-status] [19816] triggerDefinition {\"httpsTrigger\":{},\"name\":\"api\",\"entryPoint\":\"api\",\"regions\":[\"us-central1\"],\"region\":\"us-central1\",\"id\":\"us-central1-api\"}"}}
[debug] [2021-08-08T21:36:27.009Z] [runtime-status] [19816] Running us-central1-api in mode HTTPS {"metadata":{"emulator":{"name":"functions"},"function":{"name":"us-central1-api"},"message":"[runtime-status] [19816] Running us-central1-api in mode HTTPS"}}
[debug] [2021-08-08T21:36:27.009Z] [runtime-status] [19816] Attempting to listen to socketPath: \\?\pipe\C:\Users\Samarth\Desktop\amazon-clone\functions\19816 {"metadata":{"emulator":{"name":"functions"},"function":{"name":"us-central1-api"},"message":"[runtime-status] [19816] Attempting to listen to socketPath: \\\\?\\pipe\\C:\\Users\\Samarth\\Desktop\\amazon-clone\\functions\\19816"}}
[debug] [2021-08-08T21:36:27.012Z] [functions] Runtime ready! Sending request! {"metadata":{"emulator":{"name":"functions"},"message":"[functions] Runtime ready! Sending request!"}}
[debug] [2021-08-08T21:36:27.012Z] [functions] Got req.url=/clone-1489d/us-central1/api/payments/create?total=0, mapping to path=/payments/create?total=0 {"metadata":{"emulator":{"name":"functions"},"message":"[functions] Got req.url=/clone-1489d/us-central1/api/payments/create?total=0, mapping to path=/payments/create?total=0"}}
[debug] [2021-08-08T21:36:27.015Z] [runtime-status] [19816] Ephemeral server handling POST request {"metadata":{"emulator":{"name":"functions"},"function":{"name":"us-central1-api"},"message":"[runtime-status] [19816] Ephemeral server handling POST request"}}
[info] >  Payment Request Recieved BOOM DA BOOOPPPIIITTYY BOOOOPPPP!!! for this amount >>>  0 {"user":"Payment Request Recieved BOOM DA BOOOPPPIIITTYY BOOOOPPPP!!! for this amount >>>  0","metadata":{"emulator":{"name":"functions"},"function":{"name":"us-central1-api"},"message":"\u001b[90m> \u001b[39m Payment Request Recieved BOOM DA BOOOPPPIIITTYY BOOOOPPPP!!! for this amount >>>  0"}}
[debug] [2021-08-08T21:36:27.017Z] [runtime-status] [19816] Ephemeral server survived. {"metadata":{"emulator":{"name":"functions"},"function":{"name":"us-central1-api"},"message":"[runtime-status] [19816] Ephemeral server survived."}}
[info] >  (node:19816) UnhandledPromiseRejectionWarning: Error: This value must be greater than or equal to 1. {"user":"(node:19816) UnhandledPromiseRejectionWarning: Error: This value must be greater than or equal to 1.","metadata":{"emulator":{"name":"functions"},"function":{"name":"us-central1-api"},"message":"\u001b[90m> \u001b[39m (node:19816) UnhandledPromiseRejectionWarning: Error: This value must be greater than or equal to 1."}}
[info] >      at Function.generate (C:\Users\Samarth\Desktop\amazon-clone\functions\node_modules\stripe\lib\Error.js:40:16) {"user":"    at Function.generate (C:\\Users\\Samarth\\Desktop\\amazon-clone\\functions\\node_modules\\stripe\\lib\\Error.js:40:16)","metadata":{"emulator":{"name":"functions"},"function":{"name":"us-central1-api"},"message":"\u001b[90m> \u001b[39m     at Function.generate (C:\\Users\\Samarth\\Desktop\\amazon-clone\\functions\\node_modules\\stripe\\lib\\Error.js:40:16)"}}
[info] >      at IncomingMessage.<anonymous> (C:\Users\Samarth\Desktop\amazon-clone\functions\node_modules\stripe\lib\StripeResource.js:205:33) {"user":"    at IncomingMessage.<anonymous> (C:\\Users\\Samarth\\Desktop\\amazon-clone\\functions\\node_modules\\stripe\\lib\\StripeResource.js:205:33)","metadata":{"emulator":{"name":"functions"},"function":{"name":"us-central1-api"},"message":"\u001b[90m> \u001b[39m     at IncomingMessage.<anonymous> (C:\\Users\\Samarth\\Desktop\\amazon-clone\\functions\\node_modules\\stripe\\lib\\StripeResource.js:205:33)"}}
[info] >      at Object.onceWrapper (events.js:421:28) {"user":"    at Object.onceWrapper (events.js:421:28)","metadata":{"emulator":{"name":"functions"},"function":{"name":"us-central1-api"},"message":"\u001b[90m> \u001b[39m     at Object.onceWrapper (events.js:421:28)"}}
[info] >      at IncomingMessage.emit (events.js:327:22) {"user":"    at IncomingMessage.emit (events.js:327:22)","metadata":{"emulator":{"name":"functions"},"function":{"name":"us-central1-api"},"message":"\u001b[90m> \u001b[39m     at IncomingMessage.emit (events.js:327:22)"}}
[info] >      at endReadableNT (_stream_readable.js:1221:12) {"user":"    at endReadableNT (_stream_readable.js:1221:12)","metadata":{"emulator":{"name":"functions"},"function":{"name":"us-central1-api"},"message":"\u001b[90m> \u001b[39m     at endReadableNT (_stream_readable.js:1221:12)"}}
[info] >      at processTicksAndRejections (internal/process/task_queues.js:84:21) {"user":"    at processTicksAndRejections (internal/process/task_queues.js:84:21)","metadata":{"emulator":{"name":"functions"},"function":{"name":"us-central1-api"},"message":"\u001b[90m> \u001b[39m     at processTicksAndRejections (internal/process/task_queues.js:84:21)"}}
[info] >  (node:19816) UnhandledPromiseRejectionWarning: Unhandled promise rejection. This error originated either by throwing inside of an async function without a catch block, or by rejecting a promise which was not handled with .catch(). To terminate the node process on unhandled promise rejection, use the CLI flag `--unhandled-rejections=strict` (see https://nodejs.org/api/cli.html#cli_unhandled_rejections_mode). (rejection id: 1) {"user":"(node:19816) UnhandledPromiseRejectionWarning: Unhandled promise rejection. This error originated either by throwing inside of an async function without a catch block, or by rejecting a promise which was not handled with .catch(). To terminate the node process on unhandled promise rejection, use the CLI flag `--unhandled-rejections=strict` (see https://nodejs.org/api/cli.html#cli_unhandled_rejections_mode). (rejection id: 1)","metadata":{"emulator":{"name":"functions"},"function":{"name":"us-central1-api"},"message":"\u001b[90m> \u001b[39m (node:19816) UnhandledPromiseRejectionWarning: Unhandled promise rejection. This error originated either by throwing inside of an async function without a catch block, or by rejecting a promise which was not handled with .catch(). To terminate the node process on unhandled promise rejection, use the CLI flag `--unhandled-rejections=strict` (see https://nodejs.org/api/cli.html#cli_unhandled_rejections_mode). (rejection id: 1)"}}
[info] >  (node:19816) [DEP0018] DeprecationWarning: Unhandled promise rejections are deprecated. In the future, promise rejections that are not handled will terminate the Node.js process with a non-zero exit code. {"user":"(node:19816) [DEP0018] DeprecationWarning: Unhandled promise rejections are deprecated. In the future, promise rejections that are not handled will terminate the Node.js process with a non-zero exit code.","metadata":{"emulator":{"name":"functions"},"function":{"name":"us-central1-api"},"message":"\u001b[90m> \u001b[39m (node:19816) [DEP0018] DeprecationWarning: Unhandled promise rejections are deprecated. In the future, promise rejections that are not handled will terminate the Node.js process with a non-zero exit code."}}
[debug] [2021-08-08T21:36:35.792Z] [work-queue] {"queueLength":1,"workRunningCount":1}
[debug] [2021-08-08T21:36:35.792Z] [work-queue] {"queueLength":0,"workRunningCount":2}
[debug] [2021-08-08T21:36:35.792Z] Accepted request POST /clone-1489d/us-central1/api/payments/create?total=1499600 --> us-central1-api
[debug] [2021-08-08T21:36:35.800Z] [worker-pool] addWorker(us-central1-api) {"metadata":{"emulator":{"name":"functions"},"message":"[worker-pool] addWorker(us-central1-api)"}}
[debug] [2021-08-08T21:36:35.801Z] [worker-pool] Adding worker with key us-central1-api, total=2 {"metadata":{"emulator":{"name":"functions"},"message":"[worker-pool] Adding worker with key us-central1-api, total=2"}}
[debug] [2021-08-08T21:36:35.801Z] [worker-pool] submitWork(triggerId=us-central1-api) {"metadata":{"emulator":{"name":"functions"},"message":"[worker-pool] submitWork(triggerId=us-central1-api)"}}
[debug] [2021-08-08T21:36:35.802Z] [worker-us-central1-api-7d7ed9d1-07a8-4cdd-a133-6ae00cb744a6]: Assigning socketPath: \\?\pipe\C:\Users\Samarth\Desktop\amazon-clone\functions\16272 {"metadata":{"emulator":{"name":"functions"},"message":"[worker-us-central1-api-7d7ed9d1-07a8-4cdd-a133-6ae00cb744a6]: Assigning socketPath: \\\\?\\pipe\\C:\\Users\\Samarth\\Desktop\\amazon-clone\\functions\\16272"}}
[debug] [2021-08-08T21:36:35.803Z] [worker-us-central1-api-7d7ed9d1-07a8-4cdd-a133-6ae00cb744a6]: BUSY {"metadata":{"emulator":{"name":"functions"},"message":"[worker-us-central1-api-7d7ed9d1-07a8-4cdd-a133-6ae00cb744a6]: BUSY"}}
[debug] [2021-08-08T21:36:36.048Z] [runtime-status] [16272] Functions runtime initialized. {"cwd":"C:\\Users\\Samarth\\Desktop\\amazon-clone\\functions","node_version":"12.18.1"} {"metadata":{"emulator":{"name":"functions"},"function":{"name":"us-central1-api"},"message":"[runtime-status] [16272] Functions runtime initialized. {\"cwd\":\"C:\\\\Users\\\\Samarth\\\\Desktop\\\\amazon-clone\\\\functions\",\"node_version\":\"12.18.1\"}"}}
[debug] [2021-08-08T21:36:36.049Z] [runtime-status] [16272] Disabled runtime features: undefined {"metadata":{"emulator":{"name":"functions"},"function":{"name":"us-central1-api"},"message":"[runtime-status] [16272] Disabled runtime features: undefined"}}
[debug] [2021-08-08T21:36:36.055Z] [runtime-status] [16272] Resolved module firebase-admin {"declared":true,"installed":true,"version":"9.11.0","resolution":"C:\\Users\\Samarth\\Desktop\\amazon-clone\\functions\\node_modules\\firebase-admin\\lib\\index.js"} {"metadata":{"emulator":{"name":"functions"},"function":{"name":"us-central1-api"},"message":"[runtime-status] [16272] Resolved module firebase-admin {\"declared\":true,\"installed\":true,\"version\":\"9.11.0\",\"resolution\":\"C:\\\\Users\\\\Samarth\\\\Desktop\\\\amazon-clone\\\\functions\\\\node_modules\\\\firebase-admin\\\\lib\\\\index.js\"}"}}
[debug] [2021-08-08T21:36:36.057Z] [runtime-status] [16272] Resolved module firebase-functions {"declared":true,"installed":true,"version":"3.14.1","resolution":"C:\\Users\\Samarth\\Desktop\\amazon-clone\\functions\\node_modules\\firebase-functions\\lib\\index.js"} {"metadata":{"emulator":{"name":"functions"},"function":{"name":"us-central1-api"},"message":"[runtime-status] [16272] Resolved module firebase-functions {\"declared\":true,\"installed\":true,\"version\":\"3.14.1\",\"resolution\":\"C:\\\\Users\\\\Samarth\\\\Desktop\\\\amazon-clone\\\\functions\\\\node_modules\\\\firebase-functions\\\\lib\\\\index.js\"}"}}
[debug] [2021-08-08T21:36:36.057Z] [runtime-status] [16272] Resolved module firebase-functions {"declared":true,"installed":true,"version":"3.14.1","resolution":"C:\\Users\\Samarth\\Desktop\\amazon-clone\\functions\\node_modules\\firebase-functions\\lib\\index.js"} {"metadata":{"emulator":{"name":"functions"},"function":{"name":"us-central1-api"},"message":"[runtime-status] [16272] Resolved module firebase-functions {\"declared\":true,\"installed\":true,\"version\":\"3.14.1\",\"resolution\":\"C:\\\\Users\\\\Samarth\\\\Desktop\\\\amazon-clone\\\\functions\\\\node_modules\\\\firebase-functions\\\\lib\\\\index.js\"}"}}
[debug] [2021-08-08T21:36:36.059Z] [runtime-status] [16272] Outgoing network have been stubbed. [{"name":"http","status":"mocked"},{"name":"http","status":"mocked"},{"name":"https","status":"mocked"},{"name":"https","status":"mocked"},{"name":"net","status":"mocked"}] {"metadata":{"emulator":{"name":"functions"},"function":{"name":"us-central1-api"},"message":"[runtime-status] [16272] Outgoing network have been stubbed. [{\"name\":\"http\",\"status\":\"mocked\"},{\"name\":\"http\",\"status\":\"mocked\"},{\"name\":\"https\",\"status\":\"mocked\"},{\"name\":\"https\",\"status\":\"mocked\"},{\"name\":\"net\",\"status\":\"mocked\"}]"}}
[debug] [2021-08-08T21:36:36.059Z] [runtime-status] [16272] Resolved module firebase-functions {"declared":true,"installed":true,"version":"3.14.1","resolution":"C:\\Users\\Samarth\\Desktop\\amazon-clone\\functions\\node_modules\\firebase-functions\\lib\\index.js"} {"metadata":{"emulator":{"name":"functions"},"function":{"name":"us-central1-api"},"message":"[runtime-status] [16272] Resolved module firebase-functions {\"declared\":true,\"installed\":true,\"version\":\"3.14.1\",\"resolution\":\"C:\\\\Users\\\\Samarth\\\\Desktop\\\\amazon-clone\\\\functions\\\\node_modules\\\\firebase-functions\\\\lib\\\\index.js\"}"}}
[debug] [2021-08-08T21:36:36.100Z] [runtime-status] [16272] Checked functions.config() {"config":{}} {"metadata":{"emulator":{"name":"functions"},"function":{"name":"us-central1-api"},"message":"[runtime-status] [16272] Checked functions.config() {\"config\":{}}"}}
[debug] [2021-08-08T21:36:36.101Z] [runtime-status] [16272] firebase-functions has been stubbed. {"functionsResolution":{"declared":true,"installed":true,"version":"3.14.1","resolution":"C:\\Users\\Samarth\\Desktop\\amazon-clone\\functions\\node_modules\\firebase-functions\\lib\\index.js"}} {"metadata":{"emulator":{"name":"functions"},"function":{"name":"us-central1-api"},"message":"[runtime-status] [16272] firebase-functions has been stubbed. {\"functionsResolution\":{\"declared\":true,\"installed\":true,\"version\":\"3.14.1\",\"resolution\":\"C:\\\\Users\\\\Samarth\\\\Desktop\\\\amazon-clone\\\\functions\\\\node_modules\\\\firebase-functions\\\\lib\\\\index.js\"}}"}}
[debug] [2021-08-08T21:36:36.101Z] [runtime-status] [16272] Resolved module firebase-functions {"declared":true,"installed":true,"version":"3.14.1","resolution":"C:\\Users\\Samarth\\Desktop\\amazon-clone\\functions\\node_modules\\firebase-functions\\lib\\index.js"} {"metadata":{"emulator":{"name":"functions"},"function":{"name":"us-central1-api"},"message":"[runtime-status] [16272] Resolved module firebase-functions {\"declared\":true,\"installed\":true,\"version\":\"3.14.1\",\"resolution\":\"C:\\\\Users\\\\Samarth\\\\Desktop\\\\amazon-clone\\\\functions\\\\node_modules\\\\firebase-functions\\\\lib\\\\index.js\"}"}}
[debug] [2021-08-08T21:36:36.102Z] [runtime-status] [16272] Resolved module firebase-admin {"declared":true,"installed":true,"version":"9.11.0","resolution":"C:\\Users\\Samarth\\Desktop\\amazon-clone\\functions\\node_modules\\firebase-admin\\lib\\index.js"} {"metadata":{"emulator":{"name":"functions"},"function":{"name":"us-central1-api"},"message":"[runtime-status] [16272] Resolved module firebase-admin {\"declared\":true,\"installed\":true,\"version\":\"9.11.0\",\"resolution\":\"C:\\\\Users\\\\Samarth\\\\Desktop\\\\amazon-clone\\\\functions\\\\node_modules\\\\firebase-admin\\\\lib\\\\index.js\"}"}}
[debug] [2021-08-08T21:36:36.102Z] [runtime-status] [16272] Resolved module firebase-functions {"declared":true,"installed":true,"version":"3.14.1","resolution":"C:\\Users\\Samarth\\Desktop\\amazon-clone\\functions\\node_modules\\firebase-functions\\lib\\index.js"} {"metadata":{"emulator":{"name":"functions"},"function":{"name":"us-central1-api"},"message":"[runtime-status] [16272] Resolved module firebase-functions {\"declared\":true,\"installed\":true,\"version\":\"3.14.1\",\"resolution\":\"C:\\\\Users\\\\Samarth\\\\Desktop\\\\amazon-clone\\\\functions\\\\node_modules\\\\firebase-functions\\\\lib\\\\index.js\"}"}}
[debug] [2021-08-08T21:36:36.102Z] [runtime-status] [16272] firebase-admin has been stubbed. {"adminResolution":{"declared":true,"installed":true,"version":"9.11.0","resolution":"C:\\Users\\Samarth\\Desktop\\amazon-clone\\functions\\node_modules\\firebase-admin\\lib\\index.js"}} {"metadata":{"emulator":{"name":"functions"},"function":{"name":"us-central1-api"},"message":"[runtime-status] [16272] firebase-admin has been stubbed. {\"adminResolution\":{\"declared\":true,\"installed\":true,\"version\":\"9.11.0\",\"resolution\":\"C:\\\\Users\\\\Samarth\\\\Desktop\\\\amazon-clone\\\\functions\\\\node_modules\\\\firebase-admin\\\\lib\\\\index.js\"}}"}}
[debug] [2021-08-08T21:36:36.256Z] [runtime-status] [16272] Trigger "us-central1-api" has been found, beginning invocation! {"metadata":{"emulator":{"name":"functions"},"function":{"name":"us-central1-api"},"message":"[runtime-status] [16272] Trigger \"us-central1-api\" has been found, beginning invocation!"}}
[info] i  functions: Beginning execution of "us-central1-api" {"metadata":{"emulator":{"name":"functions"},"function":{"name":"us-central1-api"},"message":"Beginning execution of \"us-central1-api\""}}
[debug] [2021-08-08T21:36:36.257Z] [runtime-status] [16272] triggerDefinition {"httpsTrigger":{},"name":"api","entryPoint":"api","regions":["us-central1"],"region":"us-central1","id":"us-central1-api"} {"metadata":{"emulator":{"name":"functions"},"function":{"name":"us-central1-api"},"message":"[runtime-status] [16272] triggerDefinition {\"httpsTrigger\":{},\"name\":\"api\",\"entryPoint\":\"api\",\"regions\":[\"us-central1\"],\"region\":\"us-central1\",\"id\":\"us-central1-api\"}"}}
[debug] [2021-08-08T21:36:36.258Z] [runtime-status] [16272] Running us-central1-api in mode HTTPS {"metadata":{"emulator":{"name":"functions"},"function":{"name":"us-central1-api"},"message":"[runtime-status] [16272] Running us-central1-api in mode HTTPS"}}
[debug] [2021-08-08T21:36:36.260Z] [runtime-status] [16272] Attempting to listen to socketPath: \\?\pipe\C:\Users\Samarth\Desktop\amazon-clone\functions\16272 {"metadata":{"emulator":{"name":"functions"},"function":{"name":"us-central1-api"},"message":"[runtime-status] [16272] Attempting to listen to socketPath: \\\\?\\pipe\\C:\\Users\\Samarth\\Desktop\\amazon-clone\\functions\\16272"}}
[debug] [2021-08-08T21:36:36.262Z] [functions] Runtime ready! Sending request! {"metadata":{"emulator":{"name":"functions"},"message":"[functions] Runtime ready! Sending request!"}}
[debug] [2021-08-08T21:36:36.262Z] [functions] Got req.url=/clone-1489d/us-central1/api/payments/create?total=1499600, mapping to path=/payments/create?total=1499600 {"metadata":{"emulator":{"name":"functions"},"message":"[functions] Got req.url=/clone-1489d/us-central1/api/payments/create?total=1499600, mapping to path=/payments/create?total=1499600"}}
[debug] [2021-08-08T21:36:36.270Z] [runtime-status] [16272] Ephemeral server handling POST request {"metadata":{"emulator":{"name":"functions"},"function":{"name":"us-central1-api"},"message":"[runtime-status] [16272] Ephemeral server handling POST request"}}
[info] >  Payment Request Recieved BOOM DA BOOOPPPIIITTYY BOOOOPPPP!!! for this amount >>>  1499600 {"user":"Payment Request Recieved BOOM DA BOOOPPPIIITTYY BOOOOPPPP!!! for this amount >>>  1499600","metadata":{"emulator":{"name":"functions"},"function":{"name":"us-central1-api"},"message":"\u001b[90m> \u001b[39m Payment Request Recieved BOOM DA BOOOPPPIIITTYY BOOOOPPPP!!! for this amount >>>  1499600"}}
[debug] [2021-08-08T21:36:36.288Z] [runtime-status] [16272] Ephemeral server survived. {"metadata":{"emulator":{"name":"functions"},"function":{"name":"us-central1-api"},"message":"[runtime-status] [16272] Ephemeral server survived."}}
[info] i  functions: Finished "us-central1-api" in ~1s {"metadata":{"emulator":{"name":"functions"},"function":{"name":"us-central1-api"},"message":"Finished \"us-central1-api\" in ~1s"}}
[debug] [2021-08-08T21:36:36.972Z] [worker-us-central1-api-7d7ed9d1-07a8-4cdd-a133-6ae00cb744a6]: IDLE {"metadata":{"emulator":{"name":"functions"},"message":"[worker-us-central1-api-7d7ed9d1-07a8-4cdd-a133-6ae00cb744a6]: IDLE"}}
[debug] [2021-08-08T21:36:36.972Z] [work-queue] {"queueLength":0,"workRunningCount":1}
[warn] !  functions: Your function timed out after ~60s. To configure this timeout, see
      https://firebase.google.com/docs/functions/manage-functions#set_timeout_and_memory_allocation. {"metadata":{"emulator":{"name":"functions"},"function":{"name":"us-central1-api"},"message":"Your function timed out after ~60s. To configure this timeout, see\n      https://firebase.google.com/docs/functions/manage-functions#set_timeout_and_memory_allocation."}}
[info] >  C:\Users\Samarth\AppData\Roaming\npm\node_modules\firebase-tools\lib\emulator\functionsEmulatorRuntime.js:651 {"user":"C:\\Users\\Samarth\\AppData\\Roaming\\npm\\node_modules\\firebase-tools\\lib\\emulator\\functionsEmulatorRuntime.js:651\r","metadata":{"emulator":{"name":"functions"},"function":{"name":"us-central1-api"},"message":"\u001b[90m> \u001b[39m C:\\Users\\Samarth\\AppData\\Roaming\\npm\\node_modules\\firebase-tools\\lib\\emulator\\functionsEmulatorRuntime.js:651\r"}}
[info] >              throw new Error("Function timed out."); {"user":"            throw new Error(\"Function timed out.\");\r","metadata":{"emulator":{"name":"functions"},"function":{"name":"us-central1-api"},"message":"\u001b[90m> \u001b[39m             throw new Error(\"Function timed out.\");\r"}}
[info] >              ^ {"user":"            ^\r","metadata":{"emulator":{"name":"functions"},"function":{"name":"us-central1-api"},"message":"\u001b[90m> \u001b[39m             ^\r"}}
[info] >   {"user":"\r","metadata":{"emulator":{"name":"functions"},"function":{"name":"us-central1-api"},"message":"\u001b[90m> \u001b[39m \r"}}
[info] >  Error: Function timed out. {"user":"Error: Function timed out.\r","metadata":{"emulator":{"name":"functions"},"function":{"name":"us-central1-api"},"message":"\u001b[90m> \u001b[39m Error: Function timed out.\r"}}
[info] >      at Timeout._onTimeout (C:\Users\Samarth\AppData\Roaming\npm\node_modules\firebase-tools\lib\emulator\functionsEmulatorRuntime.js:651:19) {"user":"    at Timeout._onTimeout (C:\\Users\\Samarth\\AppData\\Roaming\\npm\\node_modules\\firebase-tools\\lib\\emulator\\functionsEmulatorRuntime.js:651:19)\r","metadata":{"emulator":{"name":"functions"},"function":{"name":"us-central1-api"},"message":"\u001b[90m> \u001b[39m     at Timeout._onTimeout (C:\\Users\\Samarth\\AppData\\Roaming\\npm\\node_modules\\firebase-tools\\lib\\emulator\\functionsEmulatorRuntime.js:651:19)\r"}}
[info] >      at listOnTimeout (internal/timers.js:549:17) {"user":"    at listOnTimeout (internal/timers.js:549:17)\r","metadata":{"emulator":{"name":"functions"},"function":{"name":"us-central1-api"},"message":"\u001b[90m> \u001b[39m     at listOnTimeout (internal/timers.js:549:17)\r"}}
[info] >      at processTimers (internal/timers.js:492:7) {"user":"    at processTimers (internal/timers.js:492:7)\r","metadata":{"emulator":{"name":"functions"},"function":{"name":"us-central1-api"},"message":"\u001b[90m> \u001b[39m     at processTimers (internal/timers.js:492:7)\r"}}
[debug] [2021-08-08T21:37:27.038Z] [worker-us-central1-api-c4b2ec26-fc1d-4a62-b2b5-b62355b17578]: exited {"metadata":{"emulator":{"name":"functions"},"message":"[worker-us-central1-api-c4b2ec26-fc1d-4a62-b2b5-b62355b17578]: exited"}}
[debug] [2021-08-08T21:37:27.038Z] [worker-us-central1-api-c4b2ec26-fc1d-4a62-b2b5-b62355b17578]: FINISHED {"metadata":{"emulator":{"name":"functions"},"message":"[worker-us-central1-api-c4b2ec26-fc1d-4a62-b2b5-b62355b17578]: FINISHED"}}
[debug] [2021-08-08T21:37:27.038Z] [work-queue] {"queueLength":0,"workRunningCount":0}
[debug] [2021-08-08T21:38:13.548Z] [work-queue] {"queueLength":1,"workRunningCount":0}
[debug] [2021-08-08T21:38:13.548Z] [work-queue] {"queueLength":0,"workRunningCount":1}
[debug] [2021-08-08T21:38:13.548Z] Accepted request POST /clone-1489d/us-central1/api/payments/create?total=1499600 --> us-central1-api
[debug] [2021-08-08T21:38:13.548Z] [worker-pool] Cleaned up workers for us-central1-api: 2 --> 1 {"metadata":{"emulator":{"name":"functions"},"message":"[worker-pool] Cleaned up workers for us-central1-api: 2 --> 1"}}
[debug] [2021-08-08T21:38:13.548Z] [worker-pool] submitWork(triggerId=us-central1-api) {"metadata":{"emulator":{"name":"functions"},"message":"[worker-pool] submitWork(triggerId=us-central1-api)"}}
[debug] [2021-08-08T21:38:13.548Z] [worker-us-central1-api-7d7ed9d1-07a8-4cdd-a133-6ae00cb744a6]: Assigning socketPath: \\?\pipe\C:\Users\Samarth\Desktop\amazon-clone\functions\16272 {"metadata":{"emulator":{"name":"functions"},"message":"[worker-us-central1-api-7d7ed9d1-07a8-4cdd-a133-6ae00cb744a6]: Assigning socketPath: \\\\?\\pipe\\C:\\Users\\Samarth\\Desktop\\amazon-clone\\functions\\16272"}}
[debug] [2021-08-08T21:38:13.548Z] [worker-us-central1-api-7d7ed9d1-07a8-4cdd-a133-6ae00cb744a6]: BUSY {"metadata":{"emulator":{"name":"functions"},"message":"[worker-us-central1-api-7d7ed9d1-07a8-4cdd-a133-6ae00cb744a6]: BUSY"}}
[debug] [2021-08-08T21:38:13.549Z] [runtime-status] [16272] Trigger "us-central1-api" has been found, beginning invocation! {"metadata":{"emulator":{"name":"functions"},"function":{"name":"us-central1-api"},"message":"[runtime-status] [16272] Trigger \"us-central1-api\" has been found, beginning invocation!"}}
[info] i  functions: Beginning execution of "us-central1-api" {"metadata":{"emulator":{"name":"functions"},"function":{"name":"us-central1-api"},"message":"Beginning execution of \"us-central1-api\""}}
[debug] [2021-08-08T21:38:13.550Z] [runtime-status] [16272] triggerDefinition {"httpsTrigger":{},"name":"api","entryPoint":"api","regions":["us-central1"],"region":"us-central1","id":"us-central1-api"} {"metadata":{"emulator":{"name":"functions"},"function":{"name":"us-central1-api"},"message":"[runtime-status] [16272] triggerDefinition {\"httpsTrigger\":{},\"name\":\"api\",\"entryPoint\":\"api\",\"regions\":[\"us-central1\"],\"region\":\"us-central1\",\"id\":\"us-central1-api\"}"}}
[debug] [2021-08-08T21:38:13.550Z] [runtime-status] [16272] Running us-central1-api in mode HTTPS {"metadata":{"emulator":{"name":"functions"},"function":{"name":"us-central1-api"},"message":"[runtime-status] [16272] Running us-central1-api in mode HTTPS"}}
[debug] [2021-08-08T21:38:13.550Z] [runtime-status] [16272] Attempting to listen to socketPath: \\?\pipe\C:\Users\Samarth\Desktop\amazon-clone\functions\16272 {"metadata":{"emulator":{"name":"functions"},"function":{"name":"us-central1-api"},"message":"[runtime-status] [16272] Attempting to listen to socketPath: \\\\?\\pipe\\C:\\Users\\Samarth\\Desktop\\amazon-clone\\functions\\16272"}}
[debug] [2021-08-08T21:38:13.551Z] [functions] Runtime ready! Sending request! {"metadata":{"emulator":{"name":"functions"},"message":"[functions] Runtime ready! Sending request!"}}
[debug] [2021-08-08T21:38:13.551Z] [functions] Got req.url=/clone-1489d/us-central1/api/payments/create?total=1499600, mapping to path=/payments/create?total=1499600 {"metadata":{"emulator":{"name":"functions"},"message":"[functions] Got req.url=/clone-1489d/us-central1/api/payments/create?total=1499600, mapping to path=/payments/create?total=1499600"}}
[debug] [2021-08-08T21:38:13.554Z] [runtime-status] [16272] Ephemeral server handling POST request {"metadata":{"emulator":{"name":"functions"},"function":{"name":"us-central1-api"},"message":"[runtime-status] [16272] Ephemeral server handling POST request"}}
[info] >  Payment Request Recieved BOOM DA BOOOPPPIIITTYY BOOOOPPPP!!! for this amount >>>  1499600 {"user":"Payment Request Recieved BOOM DA BOOOPPPIIITTYY BOOOOPPPP!!! for this amount >>>  1499600","metadata":{"emulator":{"name":"functions"},"function":{"name":"us-central1-api"},"message":"\u001b[90m> \u001b[39m Payment Request Recieved BOOM DA BOOOPPPIIITTYY BOOOOPPPP!!! for this amount >>>  1499600"}}
[debug] [2021-08-08T21:38:13.555Z] [runtime-status] [16272] Ephemeral server survived. {"metadata":{"emulator":{"name":"functions"},"function":{"name":"us-central1-api"},"message":"[runtime-status] [16272] Ephemeral server survived."}}
[info] i  functions: Finished "us-central1-api" in ~1s {"metadata":{"emulator":{"name":"functions"},"function":{"name":"us-central1-api"},"message":"Finished \"us-central1-api\" in ~1s"}}
[debug] [2021-08-08T21:38:14.302Z] [worker-us-central1-api-7d7ed9d1-07a8-4cdd-a133-6ae00cb744a6]: IDLE {"metadata":{"emulator":{"name":"functions"},"message":"[worker-us-central1-api-7d7ed9d1-07a8-4cdd-a133-6ae00cb744a6]: IDLE"}}
[debug] [2021-08-08T21:38:14.302Z] [work-queue] {"queueLength":0,"workRunningCount":0}
[debug] [2021-08-08T21:39:07.802Z] [work-queue] {"queueLength":1,"workRunningCount":0}
[debug] [2021-08-08T21:39:07.803Z] [work-queue] {"queueLength":0,"workRunningCount":1}
[debug] [2021-08-08T21:39:07.803Z] Accepted request POST /clone-1489d/us-central1/api/payments/create?total=1499600 --> us-central1-api
[debug] [2021-08-08T21:39:07.803Z] [worker-pool] submitWork(triggerId=us-central1-api) {"metadata":{"emulator":{"name":"functions"},"message":"[worker-pool] submitWork(triggerId=us-central1-api)"}}
[debug] [2021-08-08T21:39:07.803Z] [worker-us-central1-api-7d7ed9d1-07a8-4cdd-a133-6ae00cb744a6]: Assigning socketPath: \\?\pipe\C:\Users\Samarth\Desktop\amazon-clone\functions\16272 {"metadata":{"emulator":{"name":"functions"},"message":"[worker-us-central1-api-7d7ed9d1-07a8-4cdd-a133-6ae00cb744a6]: Assigning socketPath: \\\\?\\pipe\\C:\\Users\\Samarth\\Desktop\\amazon-clone\\functions\\16272"}}
[debug] [2021-08-08T21:39:07.803Z] [worker-us-central1-api-7d7ed9d1-07a8-4cdd-a133-6ae00cb744a6]: BUSY {"metadata":{"emulator":{"name":"functions"},"message":"[worker-us-central1-api-7d7ed9d1-07a8-4cdd-a133-6ae00cb744a6]: BUSY"}}
[debug] [2021-08-08T21:39:07.804Z] [runtime-status] [16272] Trigger "us-central1-api" has been found, beginning invocation! {"metadata":{"emulator":{"name":"functions"},"function":{"name":"us-central1-api"},"message":"[runtime-status] [16272] Trigger \"us-central1-api\" has been found, beginning invocation!"}}
[info] i  functions: Beginning execution of "us-central1-api" {"metadata":{"emulator":{"name":"functions"},"function":{"name":"us-central1-api"},"message":"Beginning execution of \"us-central1-api\""}}
[debug] [2021-08-08T21:39:07.807Z] [runtime-status] [16272] triggerDefinition {"httpsTrigger":{},"name":"api","entryPoint":"api","regions":["us-central1"],"region":"us-central1","id":"us-central1-api"} {"metadata":{"emulator":{"name":"functions"},"function":{"name":"us-central1-api"},"message":"[runtime-status] [16272] triggerDefinition {\"httpsTrigger\":{},\"name\":\"api\",\"entryPoint\":\"api\",\"regions\":[\"us-central1\"],\"region\":\"us-central1\",\"id\":\"us-central1-api\"}"}}
[debug] [2021-08-08T21:39:07.807Z] [runtime-status] [16272] Running us-central1-api in mode HTTPS {"metadata":{"emulator":{"name":"functions"},"function":{"name":"us-central1-api"},"message":"[runtime-status] [16272] Running us-central1-api in mode HTTPS"}}
[debug] [2021-08-08T21:39:07.808Z] [runtime-status] [16272] Attempting to listen to socketPath: \\?\pipe\C:\Users\Samarth\Desktop\amazon-clone\functions\16272 {"metadata":{"emulator":{"name":"functions"},"function":{"name":"us-central1-api"},"message":"[runtime-status] [16272] Attempting to listen to socketPath: \\\\?\\pipe\\C:\\Users\\Samarth\\Desktop\\amazon-clone\\functions\\16272"}}
[debug] [2021-08-08T21:39:07.810Z] [functions] Runtime ready! Sending request! {"metadata":{"emulator":{"name":"functions"},"message":"[functions] Runtime ready! Sending request!"}}
[debug] [2021-08-08T21:39:07.810Z] [functions] Got req.url=/clone-1489d/us-central1/api/payments/create?total=1499600, mapping to path=/payments/create?total=1499600 {"metadata":{"emulator":{"name":"functions"},"message":"[functions] Got req.url=/clone-1489d/us-central1/api/payments/create?total=1499600, mapping to path=/payments/create?total=1499600"}}
[debug] [2021-08-08T21:39:07.812Z] [runtime-status] [16272] Ephemeral server handling POST request {"metadata":{"emulator":{"name":"functions"},"function":{"name":"us-central1-api"},"message":"[runtime-status] [16272] Ephemeral server handling POST request"}}
[info] >  Payment Request Recieved BOOM DA BOOOPPPIIITTYY BOOOOPPPP!!! for this amount >>>  1499600 {"user":"Payment Request Recieved BOOM DA BOOOPPPIIITTYY BOOOOPPPP!!! for this amount >>>  1499600","metadata":{"emulator":{"name":"functions"},"function":{"name":"us-central1-api"},"message":"\u001b[90m> \u001b[39m Payment Request Recieved BOOM DA BOOOPPPIIITTYY BOOOOPPPP!!! for this amount >>>  1499600"}}
[debug] [2021-08-08T21:39:07.814Z] [runtime-status] [16272] Ephemeral server survived. {"metadata":{"emulator":{"name":"functions"},"function":{"name":"us-central1-api"},"message":"[runtime-status] [16272] Ephemeral server survived."}}
[info] i  functions: Finished "us-central1-api" in ~1s {"metadata":{"emulator":{"name":"functions"},"function":{"name":"us-central1-api"},"message":"Finished \"us-central1-api\" in ~1s"}}
[debug] [2021-08-08T21:39:08.152Z] [worker-us-central1-api-7d7ed9d1-07a8-4cdd-a133-6ae00cb744a6]: IDLE {"metadata":{"emulator":{"name":"functions"},"message":"[worker-us-central1-api-7d7ed9d1-07a8-4cdd-a133-6ae00cb744a6]: IDLE"}}
[debug] [2021-08-08T21:39:08.154Z] [work-queue] {"queueLength":0,"workRunningCount":0}
[debug] [2021-08-08T21:39:23.768Z] [work-queue] {"queueLength":1,"workRunningCount":0}
[debug] [2021-08-08T21:39:23.768Z] [work-queue] {"queueLength":0,"workRunningCount":1}
[debug] [2021-08-08T21:39:23.768Z] Accepted request POST /clone-1489d/us-central1/api/payments/create?total=1499600 --> us-central1-api
[debug] [2021-08-08T21:39:23.768Z] [worker-pool] submitWork(triggerId=us-central1-api) {"metadata":{"emulator":{"name":"functions"},"message":"[worker-pool] submitWork(triggerId=us-central1-api)"}}
[debug] [2021-08-08T21:39:23.768Z] [worker-us-central1-api-7d7ed9d1-07a8-4cdd-a133-6ae00cb744a6]: Assigning socketPath: \\?\pipe\C:\Users\Samarth\Desktop\amazon-clone\functions\16272 {"metadata":{"emulator":{"name":"functions"},"message":"[worker-us-central1-api-7d7ed9d1-07a8-4cdd-a133-6ae00cb744a6]: Assigning socketPath: \\\\?\\pipe\\C:\\Users\\Samarth\\Desktop\\amazon-clone\\functions\\16272"}}
[debug] [2021-08-08T21:39:23.768Z] [worker-us-central1-api-7d7ed9d1-07a8-4cdd-a133-6ae00cb744a6]: BUSY {"metadata":{"emulator":{"name":"functions"},"message":"[worker-us-central1-api-7d7ed9d1-07a8-4cdd-a133-6ae00cb744a6]: BUSY"}}
[debug] [2021-08-08T21:39:23.769Z] [runtime-status] [16272] Trigger "us-central1-api" has been found, beginning invocation! {"metadata":{"emulator":{"name":"functions"},"function":{"name":"us-central1-api"},"message":"[runtime-status] [16272] Trigger \"us-central1-api\" has been found, beginning invocation!"}}
[info] i  functions: Beginning execution of "us-central1-api" {"metadata":{"emulator":{"name":"functions"},"function":{"name":"us-central1-api"},"message":"Beginning execution of \"us-central1-api\""}}
[debug] [2021-08-08T21:39:23.769Z] [runtime-status] [16272] triggerDefinition {"httpsTrigger":{},"name":"api","entryPoint":"api","regions":["us-central1"],"region":"us-central1","id":"us-central1-api"} {"metadata":{"emulator":{"name":"functions"},"function":{"name":"us-central1-api"},"message":"[runtime-status] [16272] triggerDefinition {\"httpsTrigger\":{},\"name\":\"api\",\"entryPoint\":\"api\",\"regions\":[\"us-central1\"],\"region\":\"us-central1\",\"id\":\"us-central1-api\"}"}}
[debug] [2021-08-08T21:39:23.770Z] [runtime-status] [16272] Running us-central1-api in mode HTTPS {"metadata":{"emulator":{"name":"functions"},"function":{"name":"us-central1-api"},"message":"[runtime-status] [16272] Running us-central1-api in mode HTTPS"}}
[debug] [2021-08-08T21:39:23.770Z] [runtime-status] [16272] Attempting to listen to socketPath: \\?\pipe\C:\Users\Samarth\Desktop\amazon-clone\functions\16272 {"metadata":{"emulator":{"name":"functions"},"function":{"name":"us-central1-api"},"message":"[runtime-status] [16272] Attempting to listen to socketPath: \\\\?\\pipe\\C:\\Users\\Samarth\\Desktop\\amazon-clone\\functions\\16272"}}
[debug] [2021-08-08T21:39:23.771Z] [functions] Runtime ready! Sending request! {"metadata":{"emulator":{"name":"functions"},"message":"[functions] Runtime ready! Sending request!"}}
[debug] [2021-08-08T21:39:23.771Z] [functions] Got req.url=/clone-1489d/us-central1/api/payments/create?total=1499600, mapping to path=/payments/create?total=1499600 {"metadata":{"emulator":{"name":"functions"},"message":"[functions] Got req.url=/clone-1489d/us-central1/api/payments/create?total=1499600, mapping to path=/payments/create?total=1499600"}}
[debug] [2021-08-08T21:39:23.772Z] [runtime-status] [16272] Ephemeral server handling POST request {"metadata":{"emulator":{"name":"functions"},"function":{"name":"us-central1-api"},"message":"[runtime-status] [16272] Ephemeral server handling POST request"}}
[info] >  Payment Request Recieved BOOM DA BOOOPPPIIITTYY BOOOOPPPP!!! for this amount >>>  1499600 {"user":"Payment Request Recieved BOOM DA BOOOPPPIIITTYY BOOOOPPPP!!! for this amount >>>  1499600","metadata":{"emulator":{"name":"functions"},"function":{"name":"us-central1-api"},"message":"\u001b[90m> \u001b[39m Payment Request Recieved BOOM DA BOOOPPPIIITTYY BOOOOPPPP!!! for this amount >>>  1499600"}}
[debug] [2021-08-08T21:39:23.773Z] [runtime-status] [16272] Ephemeral server survived. {"metadata":{"emulator":{"name":"functions"},"function":{"name":"us-central1-api"},"message":"[runtime-status] [16272] Ephemeral server survived."}}
[info] i  functions: Finished "us-central1-api" in ~1s {"metadata":{"emulator":{"name":"functions"},"function":{"name":"us-central1-api"},"message":"Finished \"us-central1-api\" in ~1s"}}
[debug] [2021-08-08T21:39:24.116Z] [worker-us-central1-api-7d7ed9d1-07a8-4cdd-a133-6ae00cb744a6]: IDLE {"metadata":{"emulator":{"name":"functions"},"message":"[worker-us-central1-api-7d7ed9d1-07a8-4cdd-a133-6ae00cb744a6]: IDLE"}}
[debug] [2021-08-08T21:39:24.116Z] [work-queue] {"queueLength":0,"workRunningCount":0}
[debug] [2021-08-08T21:40:14.420Z] [work-queue] {"queueLength":1,"workRunningCount":0}
[debug] [2021-08-08T21:40:14.421Z] [work-queue] {"queueLength":0,"workRunningCount":1}
[debug] [2021-08-08T21:40:14.421Z] Accepted request POST /clone-1489d/us-central1/api/payments/create?total=1499600 --> us-central1-api
[debug] [2021-08-08T21:40:14.421Z] [worker-pool] submitWork(triggerId=us-central1-api) {"metadata":{"emulator":{"name":"functions"},"message":"[worker-pool] submitWork(triggerId=us-central1-api)"}}
[debug] [2021-08-08T21:40:14.421Z] [worker-us-central1-api-7d7ed9d1-07a8-4cdd-a133-6ae00cb744a6]: Assigning socketPath: \\?\pipe\C:\Users\Samarth\Desktop\amazon-clone\functions\16272 {"metadata":{"emulator":{"name":"functions"},"message":"[worker-us-central1-api-7d7ed9d1-07a8-4cdd-a133-6ae00cb744a6]: Assigning socketPath: \\\\?\\pipe\\C:\\Users\\Samarth\\Desktop\\amazon-clone\\functions\\16272"}}
[debug] [2021-08-08T21:40:14.421Z] [worker-us-central1-api-7d7ed9d1-07a8-4cdd-a133-6ae00cb744a6]: BUSY {"metadata":{"emulator":{"name":"functions"},"message":"[worker-us-central1-api-7d7ed9d1-07a8-4cdd-a133-6ae00cb744a6]: BUSY"}}
[debug] [2021-08-08T21:40:14.422Z] [runtime-status] [16272] Trigger "us-central1-api" has been found, beginning invocation! {"metadata":{"emulator":{"name":"functions"},"function":{"name":"us-central1-api"},"message":"[runtime-status] [16272] Trigger \"us-central1-api\" has been found, beginning invocation!"}}
[info] i  functions: Beginning execution of "us-central1-api" {"metadata":{"emulator":{"name":"functions"},"function":{"name":"us-central1-api"},"message":"Beginning execution of \"us-central1-api\""}}
[debug] [2021-08-08T21:40:14.423Z] [runtime-status] [16272] triggerDefinition {"httpsTrigger":{},"name":"api","entryPoint":"api","regions":["us-central1"],"region":"us-central1","id":"us-central1-api"} {"metadata":{"emulator":{"name":"functions"},"function":{"name":"us-central1-api"},"message":"[runtime-status] [16272] triggerDefinition {\"httpsTrigger\":{},\"name\":\"api\",\"entryPoint\":\"api\",\"regions\":[\"us-central1\"],\"region\":\"us-central1\",\"id\":\"us-central1-api\"}"}}
[debug] [2021-08-08T21:40:14.423Z] [runtime-status] [16272] Running us-central1-api in mode HTTPS {"metadata":{"emulator":{"name":"functions"},"function":{"name":"us-central1-api"},"message":"[runtime-status] [16272] Running us-central1-api in mode HTTPS"}}
[debug] [2021-08-08T21:40:14.424Z] [runtime-status] [16272] Attempting to listen to socketPath: \\?\pipe\C:\Users\Samarth\Desktop\amazon-clone\functions\16272 {"metadata":{"emulator":{"name":"functions"},"function":{"name":"us-central1-api"},"message":"[runtime-status] [16272] Attempting to listen to socketPath: \\\\?\\pipe\\C:\\Users\\Samarth\\Desktop\\amazon-clone\\functions\\16272"}}
[debug] [2021-08-08T21:40:14.425Z] [functions] Runtime ready! Sending request! {"metadata":{"emulator":{"name":"functions"},"message":"[functions] Runtime ready! Sending request!"}}
[debug] [2021-08-08T21:40:14.425Z] [functions] Got req.url=/clone-1489d/us-central1/api/payments/create?total=1499600, mapping to path=/payments/create?total=1499600 {"metadata":{"emulator":{"name":"functions"},"message":"[functions] Got req.url=/clone-1489d/us-central1/api/payments/create?total=1499600, mapping to path=/payments/create?total=1499600"}}
[debug] [2021-08-08T21:40:14.431Z] [runtime-status] [16272] Ephemeral server handling POST request {"metadata":{"emulator":{"name":"functions"},"function":{"name":"us-central1-api"},"message":"[runtime-status] [16272] Ephemeral server handling POST request"}}
[info] >  Payment Request Recieved BOOM DA BOOOPPPIIITTYY BOOOOPPPP!!! for this amount >>>  1499600 {"user":"Payment Request Recieved BOOM DA BOOOPPPIIITTYY BOOOOPPPP!!! for this amount >>>  1499600","metadata":{"emulator":{"name":"functions"},"function":{"name":"us-central1-api"},"message":"\u001b[90m> \u001b[39m Payment Request Recieved BOOM DA BOOOPPPIIITTYY BOOOOPPPP!!! for this amount >>>  1499600"}}
[debug] [2021-08-08T21:40:14.433Z] [runtime-status] [16272] Ephemeral server survived. {"metadata":{"emulator":{"name":"functions"},"function":{"name":"us-central1-api"},"message":"[runtime-status] [16272] Ephemeral server survived."}}
[info] i  functions: Finished "us-central1-api" in ~1s {"metadata":{"emulator":{"name":"functions"},"function":{"name":"us-central1-api"},"message":"Finished \"us-central1-api\" in ~1s"}}
[debug] [2021-08-08T21:40:14.795Z] [worker-us-central1-api-7d7ed9d1-07a8-4cdd-a133-6ae00cb744a6]: IDLE {"metadata":{"emulator":{"name":"functions"},"message":"[worker-us-central1-api-7d7ed9d1-07a8-4cdd-a133-6ae00cb744a6]: IDLE"}}
[debug] [2021-08-08T21:40:14.795Z] [work-queue] {"queueLength":0,"workRunningCount":0}
[debug] [2021-08-08T21:40:17.700Z] [work-queue] {"queueLength":1,"workRunningCount":0}
[debug] [2021-08-08T21:40:17.700Z] [work-queue] {"queueLength":0,"workRunningCount":1}
[debug] [2021-08-08T21:40:17.700Z] Accepted request POST /clone-1489d/us-central1/api/payments/create?total=1499600 --> us-central1-api
[debug] [2021-08-08T21:40:17.700Z] [worker-pool] submitWork(triggerId=us-central1-api) {"metadata":{"emulator":{"name":"functions"},"message":"[worker-pool] submitWork(triggerId=us-central1-api)"}}
[debug] [2021-08-08T21:40:17.700Z] [worker-us-central1-api-7d7ed9d1-07a8-4cdd-a133-6ae00cb744a6]: Assigning socketPath: \\?\pipe\C:\Users\Samarth\Desktop\amazon-clone\functions\16272 {"metadata":{"emulator":{"name":"functions"},"message":"[worker-us-central1-api-7d7ed9d1-07a8-4cdd-a133-6ae00cb744a6]: Assigning socketPath: \\\\?\\pipe\\C:\\Users\\Samarth\\Desktop\\amazon-clone\\functions\\16272"}}
[debug] [2021-08-08T21:40:17.700Z] [worker-us-central1-api-7d7ed9d1-07a8-4cdd-a133-6ae00cb744a6]: BUSY {"metadata":{"emulator":{"name":"functions"},"message":"[worker-us-central1-api-7d7ed9d1-07a8-4cdd-a133-6ae00cb744a6]: BUSY"}}
[debug] [2021-08-08T21:40:17.702Z] [runtime-status] [16272] Trigger "us-central1-api" has been found, beginning invocation! {"metadata":{"emulator":{"name":"functions"},"function":{"name":"us-central1-api"},"message":"[runtime-status] [16272] Trigger \"us-central1-api\" has been found, beginning invocation!"}}
[info] i  functions: Beginning execution of "us-central1-api" {"metadata":{"emulator":{"name":"functions"},"function":{"name":"us-central1-api"},"message":"Beginning execution of \"us-central1-api\""}}
[debug] [2021-08-08T21:40:17.706Z] [runtime-status] [16272] triggerDefinition {"httpsTrigger":{},"name":"api","entryPoint":"api","regions":["us-central1"],"region":"us-central1","id":"us-central1-api"} {"metadata":{"emulator":{"name":"functions"},"function":{"name":"us-central1-api"},"message":"[runtime-status] [16272] triggerDefinition {\"httpsTrigger\":{},\"name\":\"api\",\"entryPoint\":\"api\",\"regions\":[\"us-central1\"],\"region\":\"us-central1\",\"id\":\"us-central1-api\"}"}}
[debug] [2021-08-08T21:40:17.707Z] [runtime-status] [16272] Running us-central1-api in mode HTTPS {"metadata":{"emulator":{"name":"functions"},"function":{"name":"us-central1-api"},"message":"[runtime-status] [16272] Running us-central1-api in mode HTTPS"}}
[debug] [2021-08-08T21:40:17.707Z] [runtime-status] [16272] Attempting to listen to socketPath: \\?\pipe\C:\Users\Samarth\Desktop\amazon-clone\functions\16272 {"metadata":{"emulator":{"name":"functions"},"function":{"name":"us-central1-api"},"message":"[runtime-status] [16272] Attempting to listen to socketPath: \\\\?\\pipe\\C:\\Users\\Samarth\\Desktop\\amazon-clone\\functions\\16272"}}
[debug] [2021-08-08T21:40:17.708Z] [functions] Runtime ready! Sending request! {"metadata":{"emulator":{"name":"functions"},"message":"[functions] Runtime ready! Sending request!"}}
[debug] [2021-08-08T21:40:17.708Z] [functions] Got req.url=/clone-1489d/us-central1/api/payments/create?total=1499600, mapping to path=/payments/create?total=1499600 {"metadata":{"emulator":{"name":"functions"},"message":"[functions] Got req.url=/clone-1489d/us-central1/api/payments/create?total=1499600, mapping to path=/payments/create?total=1499600"}}
[debug] [2021-08-08T21:40:17.710Z] [runtime-status] [16272] Ephemeral server handling POST request {"metadata":{"emulator":{"name":"functions"},"function":{"name":"us-central1-api"},"message":"[runtime-status] [16272] Ephemeral server handling POST request"}}
[info] >  Payment Request Recieved BOOM DA BOOOPPPIIITTYY BOOOOPPPP!!! for this amount >>>  1499600 {"user":"Payment Request Recieved BOOM DA BOOOPPPIIITTYY BOOOOPPPP!!! for this amount >>>  1499600","metadata":{"emulator":{"name":"functions"},"function":{"name":"us-central1-api"},"message":"\u001b[90m> \u001b[39m Payment Request Recieved BOOM DA BOOOPPPIIITTYY BOOOOPPPP!!! for this amount >>>  1499600"}}
[debug] [2021-08-08T21:40:17.712Z] [runtime-status] [16272] Ephemeral server survived. {"metadata":{"emulator":{"name":"functions"},"function":{"name":"us-central1-api"},"message":"[runtime-status] [16272] Ephemeral server survived."}}
[info] i  functions: Finished "us-central1-api" in ~1s {"metadata":{"emulator":{"name":"functions"},"function":{"name":"us-central1-api"},"message":"Finished \"us-central1-api\" in ~1s"}}
[debug] [2021-08-08T21:40:18.022Z] [worker-us-central1-api-7d7ed9d1-07a8-4cdd-a133-6ae00cb744a6]: IDLE {"metadata":{"emulator":{"name":"functions"},"message":"[worker-us-central1-api-7d7ed9d1-07a8-4cdd-a133-6ae00cb744a6]: IDLE"}}
[debug] [2021-08-08T21:40:18.022Z] [work-queue] {"queueLength":0,"workRunningCount":0}
[debug] [2021-08-08T21:40:20.677Z] [work-queue] {"queueLength":1,"workRunningCount":0}
[debug] [2021-08-08T21:40:20.677Z] [work-queue] {"queueLength":0,"workRunningCount":1}
[debug] [2021-08-08T21:40:20.678Z] Accepted request POST /clone-1489d/us-central1/api/payments/create?total=1499600 --> us-central1-api
[debug] [2021-08-08T21:40:20.678Z] [worker-pool] submitWork(triggerId=us-central1-api) {"metadata":{"emulator":{"name":"functions"},"message":"[worker-pool] submitWork(triggerId=us-central1-api)"}}
[debug] [2021-08-08T21:40:20.678Z] [worker-us-central1-api-7d7ed9d1-07a8-4cdd-a133-6ae00cb744a6]: Assigning socketPath: \\?\pipe\C:\Users\Samarth\Desktop\amazon-clone\functions\16272 {"metadata":{"emulator":{"name":"functions"},"message":"[worker-us-central1-api-7d7ed9d1-07a8-4cdd-a133-6ae00cb744a6]: Assigning socketPath: \\\\?\\pipe\\C:\\Users\\Samarth\\Desktop\\amazon-clone\\functions\\16272"}}
[debug] [2021-08-08T21:40:20.678Z] [worker-us-central1-api-7d7ed9d1-07a8-4cdd-a133-6ae00cb744a6]: BUSY {"metadata":{"emulator":{"name":"functions"},"message":"[worker-us-central1-api-7d7ed9d1-07a8-4cdd-a133-6ae00cb744a6]: BUSY"}}
[debug] [2021-08-08T21:40:20.678Z] [runtime-status] [16272] Trigger "us-central1-api" has been found, beginning invocation! {"metadata":{"emulator":{"name":"functions"},"function":{"name":"us-central1-api"},"message":"[runtime-status] [16272] Trigger \"us-central1-api\" has been found, beginning invocation!"}}
[info] i  functions: Beginning execution of "us-central1-api" {"metadata":{"emulator":{"name":"functions"},"function":{"name":"us-central1-api"},"message":"Beginning execution of \"us-central1-api\""}}
[debug] [2021-08-08T21:40:20.679Z] [runtime-status] [16272] triggerDefinition {"httpsTrigger":{},"name":"api","entryPoint":"api","regions":["us-central1"],"region":"us-central1","id":"us-central1-api"} {"metadata":{"emulator":{"name":"functions"},"function":{"name":"us-central1-api"},"message":"[runtime-status] [16272] triggerDefinition {\"httpsTrigger\":{},\"name\":\"api\",\"entryPoint\":\"api\",\"regions\":[\"us-central1\"],\"region\":\"us-central1\",\"id\":\"us-central1-api\"}"}}
[debug] [2021-08-08T21:40:20.680Z] [runtime-status] [16272] Running us-central1-api in mode HTTPS {"metadata":{"emulator":{"name":"functions"},"function":{"name":"us-central1-api"},"message":"[runtime-status] [16272] Running us-central1-api in mode HTTPS"}}
[debug] [2021-08-08T21:40:20.680Z] [runtime-status] [16272] Attempting to listen to socketPath: \\?\pipe\C:\Users\Samarth\Desktop\amazon-clone\functions\16272 {"metadata":{"emulator":{"name":"functions"},"function":{"name":"us-central1-api"},"message":"[runtime-status] [16272] Attempting to listen to socketPath: \\\\?\\pipe\\C:\\Users\\Samarth\\Desktop\\amazon-clone\\functions\\16272"}}
[debug] [2021-08-08T21:40:20.681Z] [functions] Runtime ready! Sending request! {"metadata":{"emulator":{"name":"functions"},"message":"[functions] Runtime ready! Sending request!"}}
[debug] [2021-08-08T21:40:20.681Z] [functions] Got req.url=/clone-1489d/us-central1/api/payments/create?total=1499600, mapping to path=/payments/create?total=1499600 {"metadata":{"emulator":{"name":"functions"},"message":"[functions] Got req.url=/clone-1489d/us-central1/api/payments/create?total=1499600, mapping to path=/payments/create?total=1499600"}}
[debug] [2021-08-08T21:40:20.686Z] [runtime-status] [16272] Ephemeral server handling POST request {"metadata":{"emulator":{"name":"functions"},"function":{"name":"us-central1-api"},"message":"[runtime-status] [16272] Ephemeral server handling POST request"}}
[info] >  Payment Request Recieved BOOM DA BOOOPPPIIITTYY BOOOOPPPP!!! for this amount >>>  1499600 {"user":"Payment Request Recieved BOOM DA BOOOPPPIIITTYY BOOOOPPPP!!! for this amount >>>  1499600","metadata":{"emulator":{"name":"functions"},"function":{"name":"us-central1-api"},"message":"\u001b[90m> \u001b[39m Payment Request Recieved BOOM DA BOOOPPPIIITTYY BOOOOPPPP!!! for this amount >>>  1499600"}}
[debug] [2021-08-08T21:40:20.687Z] [runtime-status] [16272] Ephemeral server survived. {"metadata":{"emulator":{"name":"functions"},"function":{"name":"us-central1-api"},"message":"[runtime-status] [16272] Ephemeral server survived."}}
[info] i  functions: Finished "us-central1-api" in ~1s {"metadata":{"emulator":{"name":"functions"},"function":{"name":"us-central1-api"},"message":"Finished \"us-central1-api\" in ~1s"}}
[debug] [2021-08-08T21:40:21.004Z] [worker-us-central1-api-7d7ed9d1-07a8-4cdd-a133-6ae00cb744a6]: IDLE {"metadata":{"emulator":{"name":"functions"},"message":"[worker-us-central1-api-7d7ed9d1-07a8-4cdd-a133-6ae00cb744a6]: IDLE"}}
[debug] [2021-08-08T21:40:21.004Z] [work-queue] {"queueLength":0,"workRunningCount":0}
[debug] [2021-08-08T21:40:24.592Z] [work-queue] {"queueLength":1,"workRunningCount":0}
[debug] [2021-08-08T21:40:24.592Z] [work-queue] {"queueLength":0,"workRunningCount":1}
[debug] [2021-08-08T21:40:24.593Z] Accepted request POST /clone-1489d/us-central1/api/payments/create?total=1499600 --> us-central1-api
[debug] [2021-08-08T21:40:24.593Z] [worker-pool] submitWork(triggerId=us-central1-api) {"metadata":{"emulator":{"name":"functions"},"message":"[worker-pool] submitWork(triggerId=us-central1-api)"}}
[debug] [2021-08-08T21:40:24.593Z] [worker-us-central1-api-7d7ed9d1-07a8-4cdd-a133-6ae00cb744a6]: Assigning socketPath: \\?\pipe\C:\Users\Samarth\Desktop\amazon-clone\functions\16272 {"metadata":{"emulator":{"name":"functions"},"message":"[worker-us-central1-api-7d7ed9d1-07a8-4cdd-a133-6ae00cb744a6]: Assigning socketPath: \\\\?\\pipe\\C:\\Users\\Samarth\\Desktop\\amazon-clone\\functions\\16272"}}
[debug] [2021-08-08T21:40:24.593Z] [worker-us-central1-api-7d7ed9d1-07a8-4cdd-a133-6ae00cb744a6]: BUSY {"metadata":{"emulator":{"name":"functions"},"message":"[worker-us-central1-api-7d7ed9d1-07a8-4cdd-a133-6ae00cb744a6]: BUSY"}}
[debug] [2021-08-08T21:40:24.593Z] [runtime-status] [16272] Trigger "us-central1-api" has been found, beginning invocation! {"metadata":{"emulator":{"name":"functions"},"function":{"name":"us-central1-api"},"message":"[runtime-status] [16272] Trigger \"us-central1-api\" has been found, beginning invocation!"}}
[info] i  functions: Beginning execution of "us-central1-api" {"metadata":{"emulator":{"name":"functions"},"function":{"name":"us-central1-api"},"message":"Beginning execution of \"us-central1-api\""}}
[debug] [2021-08-08T21:40:24.595Z] [runtime-status] [16272] triggerDefinition {"httpsTrigger":{},"name":"api","entryPoint":"api","regions":["us-central1"],"region":"us-central1","id":"us-central1-api"} {"metadata":{"emulator":{"name":"functions"},"function":{"name":"us-central1-api"},"message":"[runtime-status] [16272] triggerDefinition {\"httpsTrigger\":{},\"name\":\"api\",\"entryPoint\":\"api\",\"regions\":[\"us-central1\"],\"region\":\"us-central1\",\"id\":\"us-central1-api\"}"}}
[debug] [2021-08-08T21:40:24.595Z] [runtime-status] [16272] Running us-central1-api in mode HTTPS {"metadata":{"emulator":{"name":"functions"},"function":{"name":"us-central1-api"},"message":"[runtime-status] [16272] Running us-central1-api in mode HTTPS"}}
[debug] [2021-08-08T21:40:24.595Z] [runtime-status] [16272] Attempting to listen to socketPath: \\?\pipe\C:\Users\Samarth\Desktop\amazon-clone\functions\16272 {"metadata":{"emulator":{"name":"functions"},"function":{"name":"us-central1-api"},"message":"[runtime-status] [16272] Attempting to listen to socketPath: \\\\?\\pipe\\C:\\Users\\Samarth\\Desktop\\amazon-clone\\functions\\16272"}}
[debug] [2021-08-08T21:40:24.598Z] [functions] Runtime ready! Sending request! {"metadata":{"emulator":{"name":"functions"},"message":"[functions] Runtime ready! Sending request!"}}
[debug] [2021-08-08T21:40:24.598Z] [functions] Got req.url=/clone-1489d/us-central1/api/payments/create?total=1499600, mapping to path=/payments/create?total=1499600 {"metadata":{"emulator":{"name":"functions"},"message":"[functions] Got req.url=/clone-1489d/us-central1/api/payments/create?total=1499600, mapping to path=/payments/create?total=1499600"}}
[debug] [2021-08-08T21:40:24.604Z] [runtime-status] [16272] Ephemeral server handling POST request {"metadata":{"emulator":{"name":"functions"},"function":{"name":"us-central1-api"},"message":"[runtime-status] [16272] Ephemeral server handling POST request"}}
[info] >  Payment Request Recieved BOOM DA BOOOPPPIIITTYY BOOOOPPPP!!! for this amount >>>  1499600 {"user":"Payment Request Recieved BOOM DA BOOOPPPIIITTYY BOOOOPPPP!!! for this amount >>>  1499600","metadata":{"emulator":{"name":"functions"},"function":{"name":"us-central1-api"},"message":"\u001b[90m> \u001b[39m Payment Request Recieved BOOM DA BOOOPPPIIITTYY BOOOOPPPP!!! for this amount >>>  1499600"}}
[debug] [2021-08-08T21:40:24.605Z] [runtime-status] [16272] Ephemeral server survived. {"metadata":{"emulator":{"name":"functions"},"function":{"name":"us-central1-api"},"message":"[runtime-status] [16272] Ephemeral server survived."}}
[info] i  functions: Finished "us-central1-api" in ~1s {"metadata":{"emulator":{"name":"functions"},"function":{"name":"us-central1-api"},"message":"Finished \"us-central1-api\" in ~1s"}}
[debug] [2021-08-08T21:40:24.936Z] [worker-us-central1-api-7d7ed9d1-07a8-4cdd-a133-6ae00cb744a6]: IDLE {"metadata":{"emulator":{"name":"functions"},"message":"[worker-us-central1-api-7d7ed9d1-07a8-4cdd-a133-6ae00cb744a6]: IDLE"}}
[debug] [2021-08-08T21:40:24.936Z] [work-queue] {"queueLength":0,"workRunningCount":0}
[debug] [2021-08-08T21:40:28.591Z] [work-queue] {"queueLength":1,"workRunningCount":0}
[debug] [2021-08-08T21:40:28.592Z] [work-queue] {"queueLength":0,"workRunningCount":1}
[debug] [2021-08-08T21:40:28.592Z] Accepted request POST /clone-1489d/us-central1/api/payments/create?total=1499600 --> us-central1-api
[debug] [2021-08-08T21:40:28.592Z] [worker-pool] submitWork(triggerId=us-central1-api) {"metadata":{"emulator":{"name":"functions"},"message":"[worker-pool] submitWork(triggerId=us-central1-api)"}}
[debug] [2021-08-08T21:40:28.592Z] [worker-us-central1-api-7d7ed9d1-07a8-4cdd-a133-6ae00cb744a6]: Assigning socketPath: \\?\pipe\C:\Users\Samarth\Desktop\amazon-clone\functions\16272 {"metadata":{"emulator":{"name":"functions"},"message":"[worker-us-central1-api-7d7ed9d1-07a8-4cdd-a133-6ae00cb744a6]: Assigning socketPath: \\\\?\\pipe\\C:\\Users\\Samarth\\Desktop\\amazon-clone\\functions\\16272"}}
[debug] [2021-08-08T21:40:28.592Z] [worker-us-central1-api-7d7ed9d1-07a8-4cdd-a133-6ae00cb744a6]: BUSY {"metadata":{"emulator":{"name":"functions"},"message":"[worker-us-central1-api-7d7ed9d1-07a8-4cdd-a133-6ae00cb744a6]: BUSY"}}
[debug] [2021-08-08T21:40:28.592Z] [runtime-status] [16272] Trigger "us-central1-api" has been found, beginning invocation! {"metadata":{"emulator":{"name":"functions"},"function":{"name":"us-central1-api"},"message":"[runtime-status] [16272] Trigger \"us-central1-api\" has been found, beginning invocation!"}}
[info] i  functions: Beginning execution of "us-central1-api" {"metadata":{"emulator":{"name":"functions"},"function":{"name":"us-central1-api"},"message":"Beginning execution of \"us-central1-api\""}}
[debug] [2021-08-08T21:40:28.593Z] [runtime-status] [16272] triggerDefinition {"httpsTrigger":{},"name":"api","entryPoint":"api","regions":["us-central1"],"region":"us-central1","id":"us-central1-api"} {"metadata":{"emulator":{"name":"functions"},"function":{"name":"us-central1-api"},"message":"[runtime-status] [16272] triggerDefinition {\"httpsTrigger\":{},\"name\":\"api\",\"entryPoint\":\"api\",\"regions\":[\"us-central1\"],\"region\":\"us-central1\",\"id\":\"us-central1-api\"}"}}
[debug] [2021-08-08T21:40:28.593Z] [runtime-status] [16272] Running us-central1-api in mode HTTPS {"metadata":{"emulator":{"name":"functions"},"function":{"name":"us-central1-api"},"message":"[runtime-status] [16272] Running us-central1-api in mode HTTPS"}}
[debug] [2021-08-08T21:40:28.594Z] [runtime-status] [16272] Attempting to listen to socketPath: \\?\pipe\C:\Users\Samarth\Desktop\amazon-clone\functions\16272 {"metadata":{"emulator":{"name":"functions"},"function":{"name":"us-central1-api"},"message":"[runtime-status] [16272] Attempting to listen to socketPath: \\\\?\\pipe\\C:\\Users\\Samarth\\Desktop\\amazon-clone\\functions\\16272"}}
[debug] [2021-08-08T21:40:28.596Z] [functions] Runtime ready! Sending request! {"metadata":{"emulator":{"name":"functions"},"message":"[functions] Runtime ready! Sending request!"}}
[debug] [2021-08-08T21:40:28.596Z] [functions] Got req.url=/clone-1489d/us-central1/api/payments/create?total=1499600, mapping to path=/payments/create?total=1499600 {"metadata":{"emulator":{"name":"functions"},"message":"[functions] Got req.url=/clone-1489d/us-central1/api/payments/create?total=1499600, mapping to path=/payments/create?total=1499600"}}
[debug] [2021-08-08T21:40:28.605Z] [runtime-status] [16272] Ephemeral server handling POST request {"metadata":{"emulator":{"name":"functions"},"function":{"name":"us-central1-api"},"message":"[runtime-status] [16272] Ephemeral server handling POST request"}}
[info] >  Payment Request Recieved BOOM DA BOOOPPPIIITTYY BOOOOPPPP!!! for this amount >>>  1499600 {"user":"Payment Request Recieved BOOM DA BOOOPPPIIITTYY BOOOOPPPP!!! for this amount >>>  1499600","metadata":{"emulator":{"name":"functions"},"function":{"name":"us-central1-api"},"message":"\u001b[90m> \u001b[39m Payment Request Recieved BOOM DA BOOOPPPIIITTYY BOOOOPPPP!!! for this amount >>>  1499600"}}
[debug] [2021-08-08T21:40:28.607Z] [runtime-status] [16272] Ephemeral server survived. {"metadata":{"emulator":{"name":"functions"},"function":{"name":"us-central1-api"},"message":"[runtime-status] [16272] Ephemeral server survived."}}
[info] i  functions: Finished "us-central1-api" in ~1s {"metadata":{"emulator":{"name":"functions"},"function":{"name":"us-central1-api"},"message":"Finished \"us-central1-api\" in ~1s"}}
[debug] [2021-08-08T21:40:28.942Z] [worker-us-central1-api-7d7ed9d1-07a8-4cdd-a133-6ae00cb744a6]: IDLE {"metadata":{"emulator":{"name":"functions"},"message":"[worker-us-central1-api-7d7ed9d1-07a8-4cdd-a133-6ae00cb744a6]: IDLE"}}
[debug] [2021-08-08T21:40:28.942Z] [work-queue] {"queueLength":0,"workRunningCount":0}
[debug] [2021-08-08T21:41:03.487Z] [work-queue] {"queueLength":1,"workRunningCount":0}
[debug] [2021-08-08T21:41:03.487Z] [work-queue] {"queueLength":0,"workRunningCount":1}
[debug] [2021-08-08T21:41:03.487Z] Accepted request POST /clone-1489d/us-central1/api/payments/create?total=1499600 --> us-central1-api
[debug] [2021-08-08T21:41:03.487Z] [worker-pool] submitWork(triggerId=us-central1-api) {"metadata":{"emulator":{"name":"functions"},"message":"[worker-pool] submitWork(triggerId=us-central1-api)"}}
[debug] [2021-08-08T21:41:03.487Z] [worker-us-central1-api-7d7ed9d1-07a8-4cdd-a133-6ae00cb744a6]: Assigning socketPath: \\?\pipe\C:\Users\Samarth\Desktop\amazon-clone\functions\16272 {"metadata":{"emulator":{"name":"functions"},"message":"[worker-us-central1-api-7d7ed9d1-07a8-4cdd-a133-6ae00cb744a6]: Assigning socketPath: \\\\?\\pipe\\C:\\Users\\Samarth\\Desktop\\amazon-clone\\functions\\16272"}}
[debug] [2021-08-08T21:41:03.487Z] [worker-us-central1-api-7d7ed9d1-07a8-4cdd-a133-6ae00cb744a6]: BUSY {"metadata":{"emulator":{"name":"functions"},"message":"[worker-us-central1-api-7d7ed9d1-07a8-4cdd-a133-6ae00cb744a6]: BUSY"}}
[debug] [2021-08-08T21:41:03.488Z] [runtime-status] [16272] Trigger "us-central1-api" has been found, beginning invocation! {"metadata":{"emulator":{"name":"functions"},"function":{"name":"us-central1-api"},"message":"[runtime-status] [16272] Trigger \"us-central1-api\" has been found, beginning invocation!"}}
[info] i  functions: Beginning execution of "us-central1-api" {"metadata":{"emulator":{"name":"functions"},"function":{"name":"us-central1-api"},"message":"Beginning execution of \"us-central1-api\""}}
[debug] [2021-08-08T21:41:03.489Z] [runtime-status] [16272] triggerDefinition {"httpsTrigger":{},"name":"api","entryPoint":"api","regions":["us-central1"],"region":"us-central1","id":"us-central1-api"} {"metadata":{"emulator":{"name":"functions"},"function":{"name":"us-central1-api"},"message":"[runtime-status] [16272] triggerDefinition {\"httpsTrigger\":{},\"name\":\"api\",\"entryPoint\":\"api\",\"regions\":[\"us-central1\"],\"region\":\"us-central1\",\"id\":\"us-central1-api\"}"}}
[debug] [2021-08-08T21:41:03.489Z] [runtime-status] [16272] Running us-central1-api in mode HTTPS {"metadata":{"emulator":{"name":"functions"},"function":{"name":"us-central1-api"},"message":"[runtime-status] [16272] Running us-central1-api in mode HTTPS"}}
[debug] [2021-08-08T21:41:03.489Z] [runtime-status] [16272] Attempting to listen to socketPath: \\?\pipe\C:\Users\Samarth\Desktop\amazon-clone\functions\16272 {"metadata":{"emulator":{"name":"functions"},"function":{"name":"us-central1-api"},"message":"[runtime-status] [16272] Attempting to listen to socketPath: \\\\?\\pipe\\C:\\Users\\Samarth\\Desktop\\amazon-clone\\functions\\16272"}}
[debug] [2021-08-08T21:41:03.490Z] [functions] Runtime ready! Sending request! {"metadata":{"emulator":{"name":"functions"},"message":"[functions] Runtime ready! Sending request!"}}
[debug] [2021-08-08T21:41:03.490Z] [functions] Got req.url=/clone-1489d/us-central1/api/payments/create?total=1499600, mapping to path=/payments/create?total=1499600 {"metadata":{"emulator":{"name":"functions"},"message":"[functions] Got req.url=/clone-1489d/us-central1/api/payments/create?total=1499600, mapping to path=/payments/create?total=1499600"}}
[debug] [2021-08-08T21:41:03.491Z] [runtime-status] [16272] Ephemeral server handling POST request {"metadata":{"emulator":{"name":"functions"},"function":{"name":"us-central1-api"},"message":"[runtime-status] [16272] Ephemeral server handling POST request"}}
[info] >  Payment Request Recieved BOOM DA BOOOPPPIIITTYY BOOOOPPPP!!! for this amount >>>  1499600 {"user":"Payment Request Recieved BOOM DA BOOOPPPIIITTYY BOOOOPPPP!!! for this amount >>>  1499600","metadata":{"emulator":{"name":"functions"},"function":{"name":"us-central1-api"},"message":"\u001b[90m> \u001b[39m Payment Request Recieved BOOM DA BOOOPPPIIITTYY BOOOOPPPP!!! for this amount >>>  1499600"}}
[debug] [2021-08-08T21:41:03.492Z] [runtime-status] [16272] Ephemeral server survived. {"metadata":{"emulator":{"name":"functions"},"function":{"name":"us-central1-api"},"message":"[runtime-status] [16272] Ephemeral server survived."}}
[info] i  functions: Finished "us-central1-api" in ~1s {"metadata":{"emulator":{"name":"functions"},"function":{"name":"us-central1-api"},"message":"Finished \"us-central1-api\" in ~1s"}}
[debug] [2021-08-08T21:41:03.788Z] [worker-us-central1-api-7d7ed9d1-07a8-4cdd-a133-6ae00cb744a6]: IDLE {"metadata":{"emulator":{"name":"functions"},"message":"[worker-us-central1-api-7d7ed9d1-07a8-4cdd-a133-6ae00cb744a6]: IDLE"}}
[debug] [2021-08-08T21:41:03.788Z] [work-queue] {"queueLength":0,"workRunningCount":0}
